17-Nov-2025 16:11:40.420 INFO [main] org.apache.catalina.startup.VersionLoggerListener.log 서버 버전 이름:    Apache Tomcat/11.0.14
17-Nov-2025 16:11:40.423 INFO [main] org.apache.catalina.startup.VersionLoggerListener.log Server 빌드 시각:  Nov 5 2025 19:03:02 UTC
17-Nov-2025 16:11:40.424 INFO [main] org.apache.catalina.startup.VersionLoggerListener.log Server 버전 번호:  11.0.14.0
17-Nov-2025 16:11:40.424 INFO [main] org.apache.catalina.startup.VersionLoggerListener.log 운영체제 이름:     Windows 11
17-Nov-2025 16:11:40.424 INFO [main] org.apache.catalina.startup.VersionLoggerListener.log 운영체제 버전:     10.0
17-Nov-2025 16:11:40.424 INFO [main] org.apache.catalina.startup.VersionLoggerListener.log 아키텍처:          amd64
17-Nov-2025 16:11:40.424 INFO [main] org.apache.catalina.startup.VersionLoggerListener.log 자바 홈:           C:\Users\1\.jdks\graalvm-jdk-21.0.8
17-Nov-2025 16:11:40.424 INFO [main] org.apache.catalina.startup.VersionLoggerListener.log JVM 버전:          21.0.8+12-LTS-jvmci-23.1-b72
17-Nov-2025 16:11:40.424 INFO [main] org.apache.catalina.startup.VersionLoggerListener.log JVM 벤더:          Oracle Corporation
17-Nov-2025 16:11:40.425 INFO [main] org.apache.catalina.startup.VersionLoggerListener.log CATALINA_BASE:     C:\Users\1\Desktop\backend\jsp_project
17-Nov-2025 16:11:40.425 INFO [main] org.apache.catalina.startup.VersionLoggerListener.log CATALINA_HOME:     C:\Users\1\Desktop\backend\apache-tomcat-11.0.14
17-Nov-2025 16:11:40.431 INFO [main] org.apache.catalina.startup.VersionLoggerListener.log 명령 행 아규먼트:  -XX:ThreadPriorityPolicy=1
17-Nov-2025 16:11:40.431 INFO [main] org.apache.catalina.startup.VersionLoggerListener.log 명령 행 아규먼트:  -XX:+UnlockExperimentalVMOptions
17-Nov-2025 16:11:40.431 INFO [main] org.apache.catalina.startup.VersionLoggerListener.log 명령 행 아규먼트:  -XX:+EnableJVMCIProduct
17-Nov-2025 16:11:40.432 INFO [main] org.apache.catalina.startup.VersionLoggerListener.log 명령 행 아규먼트:  -XX:-UnlockExperimentalVMOptions
17-Nov-2025 16:11:40.432 INFO [main] org.apache.catalina.startup.VersionLoggerListener.log 명령 행 아규먼트:  --add-opens=java.base/java.lang=ALL-UNNAMED
17-Nov-2025 16:11:40.432 INFO [main] org.apache.catalina.startup.VersionLoggerListener.log 명령 행 아규먼트:  --add-opens=java.base/java.io=ALL-UNNAMED
17-Nov-2025 16:11:40.432 INFO [main] org.apache.catalina.startup.VersionLoggerListener.log 명령 행 아규먼트:  --add-opens=java.base/java.util=ALL-UNNAMED
17-Nov-2025 16:11:40.432 INFO [main] org.apache.catalina.startup.VersionLoggerListener.log 명령 행 아규먼트:  --add-opens=java.base/java.util.concurrent=ALL-UNNAMED
17-Nov-2025 16:11:40.432 INFO [main] org.apache.catalina.startup.VersionLoggerListener.log 명령 행 아규먼트:  --add-opens=java.rmi/sun.rmi.transport=ALL-UNNAMED
17-Nov-2025 16:11:40.432 INFO [main] org.apache.catalina.startup.VersionLoggerListener.log 명령 행 아규먼트:  -Dcatalina.home=C:\Users\1\Desktop\backend\apache-tomcat-11.0.14
17-Nov-2025 16:11:40.432 INFO [main] org.apache.catalina.startup.VersionLoggerListener.log 명령 행 아규먼트:  -Dcatalina.base=C:\Users\1\Desktop\backend\jsp_project
17-Nov-2025 16:11:40.432 INFO [main] org.apache.catalina.startup.VersionLoggerListener.log 명령 행 아규먼트:  -Djava.io.tmpdir=C:\Users\1\Desktop\backend\jsp_project\temp
17-Nov-2025 16:11:40.432 INFO [main] org.apache.catalina.startup.VersionLoggerListener.log 명령 행 아규먼트:  -Djava.util.logging.config.file=C:\Users\1\Desktop\backend\jsp_project\conf\logging.properties
17-Nov-2025 16:11:40.432 INFO [main] org.apache.catalina.startup.VersionLoggerListener.log 명령 행 아규먼트:  -Djava.util.logging.manager=org.apache.juli.ClassLoaderLogManager
17-Nov-2025 16:11:40.433 INFO [main] org.apache.catalina.startup.VersionLoggerListener.log 명령 행 아규먼트:  -javaagent:C:\Program Files\JetBrains\IntelliJ IDEA Community Edition 2025.1\lib\idea_rt.jar=52016
17-Nov-2025 16:11:40.433 INFO [main] org.apache.catalina.startup.VersionLoggerListener.log 명령 행 아규먼트:  -Dfile.encoding=UTF-8
17-Nov-2025 16:11:40.433 INFO [main] org.apache.catalina.startup.VersionLoggerListener.log 명령 행 아규먼트:  -Dsun.stdout.encoding=UTF-8
17-Nov-2025 16:11:40.433 INFO [main] org.apache.catalina.startup.VersionLoggerListener.log 명령 행 아규먼트:  -Dsun.stderr.encoding=UTF-8
17-Nov-2025 16:11:40.443 INFO [main] org.apache.catalina.core.AprLifecycleListener.lifecycleEvent 프로덕션 환경들에서 최적의 성능을 제공하는, APR 기반 Apache Tomcat Native 라이브러리가, 다음 java.library.path에서 발견되지 않습니다: [C:\Users\1\.jdks\graalvm-jdk-21.0.8\bin;C:\WINDOWS\Sun\Java\bin;C:\WINDOWS\system32;C:\WINDOWS;C:\Program Files (x86)\VMware\VMware Workstation\bin\;C:\Program Files\Zulu\zulu-21\bin\;C:\app\1\product\21c\dbhomeXE\bin;C:\Program Files\Java\jdk-17\bin;C:\Program Files\Common Files\Oracle\Java\javapath;C:\Program Files (x86)\Common Files\Oracle\Java\javapath;C:\WINDOWS\system32;C:\WINDOWS;C:\WINDOWS\System32\Wbem;C:\WINDOWS\System32\WindowsPowerShell\v1.0\;C:\WINDOWS\System32\OpenSSH\;C:\Program Files\Bandizip\;C:\Program Files\dotnet\;C:\Program Files (x86)\NVIDIA Corporation\PhysX\Common;C:\Program Files\NVIDIA Corporation\NVIDIA NvDLISR;C:\Program Files\Docker\Docker\resources\bin;C:\Program Files\Git\cmd;C:\Program Files\nodejs\;C:\Users\1\AppData\Local\Programs\Python\Python313\Scripts\;C:\Users\1\AppData\Local\Programs\Python\Python313\;C:\Users\1\AppData\Local\Microsoft\WindowsApps;;C:\Users\1\AppData\Local\afreeca;C:\Users\1\AppData\Local\SOOP;C:\Users\1\AppData\Local\Programs\Microsoft VS Code\bin;C:\Program Files\JetBrains\IntelliJ IDEA 2024.3.5\bin;;C:\Program Files\JetBrains\IntelliJ IDEA Community Edition 2025.1\bin;;C:\Users\1\AppData\Roaming\npm;.]
17-Nov-2025 16:11:40.615 INFO [main] org.apache.coyote.AbstractProtocol.init 프로토콜 핸들러 ["http-nio-8030"]을(를) 초기화합니다.
17-Nov-2025 16:11:40.625 INFO [main] org.apache.catalina.startup.Catalina.load [369] 밀리초 내에 서버가 초기화되었습니다.
17-Nov-2025 16:11:40.667 INFO [main] org.apache.catalina.core.StandardService.startInternal 서비스 [Catalina]을(를) 시작합니다.
17-Nov-2025 16:11:40.667 INFO [main] org.apache.catalina.core.StandardEngine.startInternal 서버 엔진을 시작합니다: [Apache Tomcat/11.0.14]
17-Nov-2025 16:11:40.676 INFO [main] org.apache.catalina.startup.HostConfig.deployDescriptor 배치 descriptor [C:\Users\1\Desktop\backend\jsp_project\conf\Catalina\localhost\ROOT.xml]을(를) 배치합니다.
17-Nov-2025 16:11:40.730 SEVERE [main] org.apache.catalina.startup.HostConfig.deployDescriptor 배치 descriptor [C:\Users\1\Desktop\backend\jsp_project\conf\Catalina\localhost\ROOT.xml]을(를) 배치하는 중 오류 발생
	java.lang.IllegalStateException: 자식 컨테이너를 시작하는 중 오류 발생
		at org.apache.catalina.core.ContainerBase.addChild(ContainerBase.java:567)
		at org.apache.catalina.core.StandardHost.addChild(StandardHost.java:650)
		at org.apache.catalina.startup.HostConfig.deployDescriptor(HostConfig.java:590)
		at org.apache.catalina.startup.HostConfig$DeployDescriptor.run(HostConfig.java:1828)
		at java.base/java.util.concurrent.Executors$RunnableAdapter.call(Executors.java:572)
		at java.base/java.util.concurrent.FutureTask.run(FutureTask.java:317)
		at org.apache.tomcat.util.threads.InlineExecutorService.execute(InlineExecutorService.java:81)
		at java.base/java.util.concurrent.AbstractExecutorService.submit(AbstractExecutorService.java:123)
		at org.apache.catalina.startup.HostConfig.deployDescriptors(HostConfig.java:485)
		at org.apache.catalina.startup.HostConfig.deployApps(HostConfig.java:376)
		at org.apache.catalina.startup.HostConfig.start(HostConfig.java:1579)
		at org.apache.catalina.startup.HostConfig.lifecycleEvent(HostConfig.java:262)
		at org.apache.catalina.util.LifecycleBase.fireLifecycleEvent(LifecycleBase.java:109)
		at org.apache.catalina.util.LifecycleBase.setStateInternal(LifecycleBase.java:389)
		at org.apache.catalina.util.LifecycleBase.setState(LifecycleBase.java:336)
		at org.apache.catalina.core.ContainerBase.startInternal(ContainerBase.java:741)
		at org.apache.catalina.core.StandardHost.startInternal(StandardHost.java:767)
		at org.apache.catalina.util.LifecycleBase.start(LifecycleBase.java:164)
		at org.apache.catalina.core.ContainerBase$StartChild.call(ContainerBase.java:1162)
		at org.apache.catalina.core.ContainerBase$StartChild.call(ContainerBase.java:1158)
		at java.base/java.util.concurrent.FutureTask.run(FutureTask.java:317)
		at org.apache.tomcat.util.threads.InlineExecutorService.execute(InlineExecutorService.java:81)
		at java.base/java.util.concurrent.AbstractExecutorService.submit(AbstractExecutorService.java:145)
		at org.apache.catalina.core.ContainerBase.startInternal(ContainerBase.java:714)
		at org.apache.catalina.core.StandardEngine.startInternal(StandardEngine.java:201)
		at org.apache.catalina.util.LifecycleBase.start(LifecycleBase.java:164)
		at org.apache.catalina.core.StandardService.startInternal(StandardService.java:410)
		at org.apache.catalina.util.LifecycleBase.start(LifecycleBase.java:164)
		at org.apache.catalina.core.StandardServer.startInternal(StandardServer.java:864)
		at org.apache.catalina.util.LifecycleBase.start(LifecycleBase.java:164)
		at org.apache.catalina.startup.Catalina.start(Catalina.java:756)
		at java.base/jdk.internal.reflect.DirectMethodHandleAccessor.invoke(DirectMethodHandleAccessor.java:103)
		at java.base/java.lang.reflect.Method.invoke(Method.java:580)
		at org.apache.catalina.startup.Bootstrap.start(Bootstrap.java:339)
		at org.apache.catalina.startup.Bootstrap.main(Bootstrap.java:470)
	Caused by: org.apache.catalina.LifecycleException: 구성요소 [org.apache.catalina.webresources.StandardRoot@43015c69]을(를) 시작하지 못했습니다.
		at org.apache.catalina.util.LifecycleBase.handleSubClassException(LifecycleBase.java:404)
		at org.apache.catalina.util.LifecycleBase.start(LifecycleBase.java:179)
		at org.apache.catalina.core.StandardContext.resourcesStart(StandardContext.java:4115)
		at org.apache.catalina.core.StandardContext.startInternal(StandardContext.java:4237)
		at org.apache.catalina.util.LifecycleBase.start(LifecycleBase.java:164)
		at org.apache.catalina.core.ContainerBase.addChild(ContainerBase.java:564)
		... 34 more
	Caused by: java.lang.IllegalArgumentException: The main resource set specified [C:\Users\1\Desktop\backend\jsp_project\src\webapp] is not a directory or war file, or is not readable (it does not exist or permissions to access it are missing)
		at org.apache.catalina.webresources.StandardRoot.createMainResourceSet(StandardRoot.java:749)
		at org.apache.catalina.webresources.StandardRoot.startInternal(StandardRoot.java:706)
		at org.apache.catalina.util.LifecycleBase.start(LifecycleBase.java:164)
		... 38 more
17-Nov-2025 16:11:40.736 INFO [main] org.apache.catalina.startup.HostConfig.deployDescriptor 배치 descriptor [C:\Users\1\Desktop\backend\jsp_project\conf\Catalina\localhost\ROOT.xml]의 배치가 [58] 밀리초 내에 완료되었습니다.
17-Nov-2025 16:11:40.739 INFO [main] org.apache.coyote.AbstractProtocol.start 프로토콜 핸들러 ["http-nio-8030"]을(를) 시작합니다.
17-Nov-2025 16:11:40.789 INFO [main] org.apache.catalina.startup.Catalina.start 서버가 [163] 밀리초 내에 시작되었습니다.
17-Nov-2025 16:13:16.740 INFO [Thread-1] org.apache.coyote.AbstractProtocol.pause 프로토콜 핸들러 ["http-nio-8030"]을(를) 일시 정지 중
17-Nov-2025 16:13:16.743 INFO [Thread-1] org.apache.catalina.core.StandardService.stopInternal 서비스 [Catalina]을(를) 중지시킵니다.
17-Nov-2025 16:13:16.744 INFO [Thread-1] org.apache.coyote.AbstractProtocol.stop 프로토콜 핸들러 ["http-nio-8030"]을(를) 중지시킵니다.
17-Nov-2025 16:13:16.747 INFO [Thread-1] org.apache.coyote.AbstractProtocol.destroy 프로토콜 핸들러 ["http-nio-8030"]을(를) 소멸시킵니다.
17-Nov-2025 16:13:17.635 INFO [main] org.apache.catalina.startup.VersionLoggerListener.log 서버 버전 이름:    Apache Tomcat/11.0.14
17-Nov-2025 16:13:17.637 INFO [main] org.apache.catalina.startup.VersionLoggerListener.log Server 빌드 시각:  Nov 5 2025 19:03:02 UTC
17-Nov-2025 16:13:17.637 INFO [main] org.apache.catalina.startup.VersionLoggerListener.log Server 버전 번호:  11.0.14.0
17-Nov-2025 16:13:17.637 INFO [main] org.apache.catalina.startup.VersionLoggerListener.log 운영체제 이름:     Windows 11
17-Nov-2025 16:13:17.638 INFO [main] org.apache.catalina.startup.VersionLoggerListener.log 운영체제 버전:     10.0
17-Nov-2025 16:13:17.638 INFO [main] org.apache.catalina.startup.VersionLoggerListener.log 아키텍처:          amd64
17-Nov-2025 16:13:17.638 INFO [main] org.apache.catalina.startup.VersionLoggerListener.log 자바 홈:           C:\Users\1\.jdks\graalvm-jdk-21.0.8
17-Nov-2025 16:13:17.638 INFO [main] org.apache.catalina.startup.VersionLoggerListener.log JVM 버전:          21.0.8+12-LTS-jvmci-23.1-b72
17-Nov-2025 16:13:17.638 INFO [main] org.apache.catalina.startup.VersionLoggerListener.log JVM 벤더:          Oracle Corporation
17-Nov-2025 16:13:17.638 INFO [main] org.apache.catalina.startup.VersionLoggerListener.log CATALINA_BASE:     C:\Users\1\Desktop\backend\jsp_project
17-Nov-2025 16:13:17.638 INFO [main] org.apache.catalina.startup.VersionLoggerListener.log CATALINA_HOME:     C:\Users\1\Desktop\backend\apache-tomcat-11.0.14
17-Nov-2025 16:13:17.644 INFO [main] org.apache.catalina.startup.VersionLoggerListener.log 명령 행 아규먼트:  -XX:ThreadPriorityPolicy=1
17-Nov-2025 16:13:17.644 INFO [main] org.apache.catalina.startup.VersionLoggerListener.log 명령 행 아규먼트:  -XX:+UnlockExperimentalVMOptions
17-Nov-2025 16:13:17.644 INFO [main] org.apache.catalina.startup.VersionLoggerListener.log 명령 행 아규먼트:  -XX:+EnableJVMCIProduct
17-Nov-2025 16:13:17.644 INFO [main] org.apache.catalina.startup.VersionLoggerListener.log 명령 행 아규먼트:  -XX:-UnlockExperimentalVMOptions
17-Nov-2025 16:13:17.645 INFO [main] org.apache.catalina.startup.VersionLoggerListener.log 명령 행 아규먼트:  --add-opens=java.base/java.lang=ALL-UNNAMED
17-Nov-2025 16:13:17.645 INFO [main] org.apache.catalina.startup.VersionLoggerListener.log 명령 행 아규먼트:  --add-opens=java.base/java.io=ALL-UNNAMED
17-Nov-2025 16:13:17.645 INFO [main] org.apache.catalina.startup.VersionLoggerListener.log 명령 행 아규먼트:  --add-opens=java.base/java.util=ALL-UNNAMED
17-Nov-2025 16:13:17.645 INFO [main] org.apache.catalina.startup.VersionLoggerListener.log 명령 행 아규먼트:  --add-opens=java.base/java.util.concurrent=ALL-UNNAMED
17-Nov-2025 16:13:17.645 INFO [main] org.apache.catalina.startup.VersionLoggerListener.log 명령 행 아규먼트:  --add-opens=java.rmi/sun.rmi.transport=ALL-UNNAMED
17-Nov-2025 16:13:17.645 INFO [main] org.apache.catalina.startup.VersionLoggerListener.log 명령 행 아규먼트:  -Dcatalina.home=C:\Users\1\Desktop\backend\apache-tomcat-11.0.14
17-Nov-2025 16:13:17.645 INFO [main] org.apache.catalina.startup.VersionLoggerListener.log 명령 행 아규먼트:  -Dcatalina.base=C:\Users\1\Desktop\backend\jsp_project
17-Nov-2025 16:13:17.645 INFO [main] org.apache.catalina.startup.VersionLoggerListener.log 명령 행 아규먼트:  -Djava.io.tmpdir=C:\Users\1\Desktop\backend\jsp_project\temp
17-Nov-2025 16:13:17.646 INFO [main] org.apache.catalina.startup.VersionLoggerListener.log 명령 행 아규먼트:  -Djava.util.logging.config.file=C:\Users\1\Desktop\backend\jsp_project\conf\logging.properties
17-Nov-2025 16:13:17.646 INFO [main] org.apache.catalina.startup.VersionLoggerListener.log 명령 행 아규먼트:  -Djava.util.logging.manager=org.apache.juli.ClassLoaderLogManager
17-Nov-2025 16:13:17.646 INFO [main] org.apache.catalina.startup.VersionLoggerListener.log 명령 행 아규먼트:  -javaagent:C:\Program Files\JetBrains\IntelliJ IDEA Community Edition 2025.1\lib\idea_rt.jar=61541
17-Nov-2025 16:13:17.646 INFO [main] org.apache.catalina.startup.VersionLoggerListener.log 명령 행 아규먼트:  -Dfile.encoding=UTF-8
17-Nov-2025 16:13:17.646 INFO [main] org.apache.catalina.startup.VersionLoggerListener.log 명령 행 아규먼트:  -Dsun.stdout.encoding=UTF-8
17-Nov-2025 16:13:17.646 INFO [main] org.apache.catalina.startup.VersionLoggerListener.log 명령 행 아규먼트:  -Dsun.stderr.encoding=UTF-8
17-Nov-2025 16:13:17.659 INFO [main] org.apache.catalina.core.AprLifecycleListener.lifecycleEvent 프로덕션 환경들에서 최적의 성능을 제공하는, APR 기반 Apache Tomcat Native 라이브러리가, 다음 java.library.path에서 발견되지 않습니다: [C:\Users\1\.jdks\graalvm-jdk-21.0.8\bin;C:\WINDOWS\Sun\Java\bin;C:\WINDOWS\system32;C:\WINDOWS;C:\Program Files (x86)\VMware\VMware Workstation\bin\;C:\Program Files\Zulu\zulu-21\bin\;C:\app\1\product\21c\dbhomeXE\bin;C:\Program Files\Java\jdk-17\bin;C:\Program Files\Common Files\Oracle\Java\javapath;C:\Program Files (x86)\Common Files\Oracle\Java\javapath;C:\WINDOWS\system32;C:\WINDOWS;C:\WINDOWS\System32\Wbem;C:\WINDOWS\System32\WindowsPowerShell\v1.0\;C:\WINDOWS\System32\OpenSSH\;C:\Program Files\Bandizip\;C:\Program Files\dotnet\;C:\Program Files (x86)\NVIDIA Corporation\PhysX\Common;C:\Program Files\NVIDIA Corporation\NVIDIA NvDLISR;C:\Program Files\Docker\Docker\resources\bin;C:\Program Files\Git\cmd;C:\Program Files\nodejs\;C:\Users\1\AppData\Local\Programs\Python\Python313\Scripts\;C:\Users\1\AppData\Local\Programs\Python\Python313\;C:\Users\1\AppData\Local\Microsoft\WindowsApps;;C:\Users\1\AppData\Local\afreeca;C:\Users\1\AppData\Local\SOOP;C:\Users\1\AppData\Local\Programs\Microsoft VS Code\bin;C:\Program Files\JetBrains\IntelliJ IDEA 2024.3.5\bin;;C:\Program Files\JetBrains\IntelliJ IDEA Community Edition 2025.1\bin;;C:\Users\1\AppData\Roaming\npm;.]
17-Nov-2025 16:13:17.832 INFO [main] org.apache.coyote.AbstractProtocol.init 프로토콜 핸들러 ["http-nio-8030"]을(를) 초기화합니다.
17-Nov-2025 16:13:17.846 INFO [main] org.apache.catalina.startup.Catalina.load [335] 밀리초 내에 서버가 초기화되었습니다.
17-Nov-2025 16:13:17.878 INFO [main] org.apache.catalina.core.StandardService.startInternal 서비스 [Catalina]을(를) 시작합니다.
17-Nov-2025 16:13:17.878 INFO [main] org.apache.catalina.core.StandardEngine.startInternal 서버 엔진을 시작합니다: [Apache Tomcat/11.0.14]
17-Nov-2025 16:13:17.887 INFO [main] org.apache.catalina.startup.HostConfig.deployDescriptor 배치 descriptor [C:\Users\1\Desktop\backend\jsp_project\conf\Catalina\localhost\ROOT.xml]을(를) 배치합니다.
17-Nov-2025 16:13:17.929 SEVERE [main] org.apache.catalina.startup.HostConfig.deployDescriptor 배치 descriptor [C:\Users\1\Desktop\backend\jsp_project\conf\Catalina\localhost\ROOT.xml]을(를) 배치하는 중 오류 발생
	java.lang.IllegalStateException: 자식 컨테이너를 시작하는 중 오류 발생
		at org.apache.catalina.core.ContainerBase.addChild(ContainerBase.java:567)
		at org.apache.catalina.core.StandardHost.addChild(StandardHost.java:650)
		at org.apache.catalina.startup.HostConfig.deployDescriptor(HostConfig.java:590)
		at org.apache.catalina.startup.HostConfig$DeployDescriptor.run(HostConfig.java:1828)
		at java.base/java.util.concurrent.Executors$RunnableAdapter.call(Executors.java:572)
		at java.base/java.util.concurrent.FutureTask.run(FutureTask.java:317)
		at org.apache.tomcat.util.threads.InlineExecutorService.execute(InlineExecutorService.java:81)
		at java.base/java.util.concurrent.AbstractExecutorService.submit(AbstractExecutorService.java:123)
		at org.apache.catalina.startup.HostConfig.deployDescriptors(HostConfig.java:485)
		at org.apache.catalina.startup.HostConfig.deployApps(HostConfig.java:376)
		at org.apache.catalina.startup.HostConfig.start(HostConfig.java:1579)
		at org.apache.catalina.startup.HostConfig.lifecycleEvent(HostConfig.java:262)
		at org.apache.catalina.util.LifecycleBase.fireLifecycleEvent(LifecycleBase.java:109)
		at org.apache.catalina.util.LifecycleBase.setStateInternal(LifecycleBase.java:389)
		at org.apache.catalina.util.LifecycleBase.setState(LifecycleBase.java:336)
		at org.apache.catalina.core.ContainerBase.startInternal(ContainerBase.java:741)
		at org.apache.catalina.core.StandardHost.startInternal(StandardHost.java:767)
		at org.apache.catalina.util.LifecycleBase.start(LifecycleBase.java:164)
		at org.apache.catalina.core.ContainerBase$StartChild.call(ContainerBase.java:1162)
		at org.apache.catalina.core.ContainerBase$StartChild.call(ContainerBase.java:1158)
		at java.base/java.util.concurrent.FutureTask.run(FutureTask.java:317)
		at org.apache.tomcat.util.threads.InlineExecutorService.execute(InlineExecutorService.java:81)
		at java.base/java.util.concurrent.AbstractExecutorService.submit(AbstractExecutorService.java:145)
		at org.apache.catalina.core.ContainerBase.startInternal(ContainerBase.java:714)
		at org.apache.catalina.core.StandardEngine.startInternal(StandardEngine.java:201)
		at org.apache.catalina.util.LifecycleBase.start(LifecycleBase.java:164)
		at org.apache.catalina.core.StandardService.startInternal(StandardService.java:410)
		at org.apache.catalina.util.LifecycleBase.start(LifecycleBase.java:164)
		at org.apache.catalina.core.StandardServer.startInternal(StandardServer.java:864)
		at org.apache.catalina.util.LifecycleBase.start(LifecycleBase.java:164)
		at org.apache.catalina.startup.Catalina.start(Catalina.java:756)
		at java.base/jdk.internal.reflect.DirectMethodHandleAccessor.invoke(DirectMethodHandleAccessor.java:103)
		at java.base/java.lang.reflect.Method.invoke(Method.java:580)
		at org.apache.catalina.startup.Bootstrap.start(Bootstrap.java:339)
		at org.apache.catalina.startup.Bootstrap.main(Bootstrap.java:470)
	Caused by: org.apache.catalina.LifecycleException: 구성요소 [org.apache.catalina.webresources.StandardRoot@2415fc55]을(를) 시작하지 못했습니다.
		at org.apache.catalina.util.LifecycleBase.handleSubClassException(LifecycleBase.java:404)
		at org.apache.catalina.util.LifecycleBase.start(LifecycleBase.java:179)
		at org.apache.catalina.core.StandardContext.resourcesStart(StandardContext.java:4115)
		at org.apache.catalina.core.StandardContext.startInternal(StandardContext.java:4237)
		at org.apache.catalina.util.LifecycleBase.start(LifecycleBase.java:164)
		at org.apache.catalina.core.ContainerBase.addChild(ContainerBase.java:564)
		... 34 more
	Caused by: java.lang.IllegalArgumentException: The main resource set specified [C:\Users\1\Desktop\backend\jsp_project\src\webapp] is not a directory or war file, or is not readable (it does not exist or permissions to access it are missing)
		at org.apache.catalina.webresources.StandardRoot.createMainResourceSet(StandardRoot.java:749)
		at org.apache.catalina.webresources.StandardRoot.startInternal(StandardRoot.java:706)
		at org.apache.catalina.util.LifecycleBase.start(LifecycleBase.java:164)
		... 38 more
17-Nov-2025 16:13:17.938 INFO [main] org.apache.catalina.startup.HostConfig.deployDescriptor 배치 descriptor [C:\Users\1\Desktop\backend\jsp_project\conf\Catalina\localhost\ROOT.xml]의 배치가 [49] 밀리초 내에 완료되었습니다.
17-Nov-2025 16:13:17.942 INFO [main] org.apache.coyote.AbstractProtocol.start 프로토콜 핸들러 ["http-nio-8030"]을(를) 시작합니다.
17-Nov-2025 16:13:18.000 INFO [main] org.apache.catalina.startup.Catalina.start 서버가 [152] 밀리초 내에 시작되었습니다.
17-Nov-2025 16:15:28.944 INFO [Thread-1] org.apache.coyote.AbstractProtocol.pause 프로토콜 핸들러 ["http-nio-8030"]을(를) 일시 정지 중
17-Nov-2025 16:15:28.948 INFO [Thread-1] org.apache.catalina.core.StandardService.stopInternal 서비스 [Catalina]을(를) 중지시킵니다.
17-Nov-2025 16:15:28.949 INFO [Thread-1] org.apache.coyote.AbstractProtocol.stop 프로토콜 핸들러 ["http-nio-8030"]을(를) 중지시킵니다.
17-Nov-2025 16:15:28.955 INFO [Thread-1] org.apache.coyote.AbstractProtocol.destroy 프로토콜 핸들러 ["http-nio-8030"]을(를) 소멸시킵니다.
17-Nov-2025 16:15:29.880 INFO [main] org.apache.catalina.startup.VersionLoggerListener.log 서버 버전 이름:    Apache Tomcat/11.0.14
17-Nov-2025 16:15:29.882 INFO [main] org.apache.catalina.startup.VersionLoggerListener.log Server 빌드 시각:  Nov 5 2025 19:03:02 UTC
17-Nov-2025 16:15:29.883 INFO [main] org.apache.catalina.startup.VersionLoggerListener.log Server 버전 번호:  11.0.14.0
17-Nov-2025 16:15:29.883 INFO [main] org.apache.catalina.startup.VersionLoggerListener.log 운영체제 이름:     Windows 11
17-Nov-2025 16:15:29.883 INFO [main] org.apache.catalina.startup.VersionLoggerListener.log 운영체제 버전:     10.0
17-Nov-2025 16:15:29.883 INFO [main] org.apache.catalina.startup.VersionLoggerListener.log 아키텍처:          amd64
17-Nov-2025 16:15:29.883 INFO [main] org.apache.catalina.startup.VersionLoggerListener.log 자바 홈:           C:\Users\1\.jdks\graalvm-jdk-21.0.8
17-Nov-2025 16:15:29.883 INFO [main] org.apache.catalina.startup.VersionLoggerListener.log JVM 버전:          21.0.8+12-LTS-jvmci-23.1-b72
17-Nov-2025 16:15:29.883 INFO [main] org.apache.catalina.startup.VersionLoggerListener.log JVM 벤더:          Oracle Corporation
17-Nov-2025 16:15:29.883 INFO [main] org.apache.catalina.startup.VersionLoggerListener.log CATALINA_BASE:     C:\Users\1\Desktop\backend\jsp_project
17-Nov-2025 16:15:29.883 INFO [main] org.apache.catalina.startup.VersionLoggerListener.log CATALINA_HOME:     C:\Users\1\Desktop\backend\apache-tomcat-11.0.14
17-Nov-2025 16:15:29.891 INFO [main] org.apache.catalina.startup.VersionLoggerListener.log 명령 행 아규먼트:  -XX:ThreadPriorityPolicy=1
17-Nov-2025 16:15:29.891 INFO [main] org.apache.catalina.startup.VersionLoggerListener.log 명령 행 아규먼트:  -XX:+UnlockExperimentalVMOptions
17-Nov-2025 16:15:29.891 INFO [main] org.apache.catalina.startup.VersionLoggerListener.log 명령 행 아규먼트:  -XX:+EnableJVMCIProduct
17-Nov-2025 16:15:29.891 INFO [main] org.apache.catalina.startup.VersionLoggerListener.log 명령 행 아규먼트:  -XX:-UnlockExperimentalVMOptions
17-Nov-2025 16:15:29.891 INFO [main] org.apache.catalina.startup.VersionLoggerListener.log 명령 행 아규먼트:  --add-opens=java.base/java.lang=ALL-UNNAMED
17-Nov-2025 16:15:29.891 INFO [main] org.apache.catalina.startup.VersionLoggerListener.log 명령 행 아규먼트:  --add-opens=java.base/java.io=ALL-UNNAMED
17-Nov-2025 16:15:29.891 INFO [main] org.apache.catalina.startup.VersionLoggerListener.log 명령 행 아규먼트:  --add-opens=java.base/java.util=ALL-UNNAMED
17-Nov-2025 16:15:29.891 INFO [main] org.apache.catalina.startup.VersionLoggerListener.log 명령 행 아규먼트:  --add-opens=java.base/java.util.concurrent=ALL-UNNAMED
17-Nov-2025 16:15:29.891 INFO [main] org.apache.catalina.startup.VersionLoggerListener.log 명령 행 아규먼트:  --add-opens=java.rmi/sun.rmi.transport=ALL-UNNAMED
17-Nov-2025 16:15:29.891 INFO [main] org.apache.catalina.startup.VersionLoggerListener.log 명령 행 아규먼트:  -Dcatalina.home=C:\Users\1\Desktop\backend\apache-tomcat-11.0.14
17-Nov-2025 16:15:29.892 INFO [main] org.apache.catalina.startup.VersionLoggerListener.log 명령 행 아규먼트:  -Dcatalina.base=C:\Users\1\Desktop\backend\jsp_project
17-Nov-2025 16:15:29.892 INFO [main] org.apache.catalina.startup.VersionLoggerListener.log 명령 행 아규먼트:  -Djava.io.tmpdir=C:\Users\1\Desktop\backend\jsp_project\temp
17-Nov-2025 16:15:29.892 INFO [main] org.apache.catalina.startup.VersionLoggerListener.log 명령 행 아규먼트:  -Djava.util.logging.config.file=C:\Users\1\Desktop\backend\jsp_project\conf\logging.properties
17-Nov-2025 16:15:29.892 INFO [main] org.apache.catalina.startup.VersionLoggerListener.log 명령 행 아규먼트:  -Djava.util.logging.manager=org.apache.juli.ClassLoaderLogManager
17-Nov-2025 16:15:29.892 INFO [main] org.apache.catalina.startup.VersionLoggerListener.log 명령 행 아규먼트:  -javaagent:C:\Program Files\JetBrains\IntelliJ IDEA Community Edition 2025.1\lib\idea_rt.jar=60196
17-Nov-2025 16:15:29.892 INFO [main] org.apache.catalina.startup.VersionLoggerListener.log 명령 행 아규먼트:  -Dfile.encoding=UTF-8
17-Nov-2025 16:15:29.892 INFO [main] org.apache.catalina.startup.VersionLoggerListener.log 명령 행 아규먼트:  -Dsun.stdout.encoding=UTF-8
17-Nov-2025 16:15:29.892 INFO [main] org.apache.catalina.startup.VersionLoggerListener.log 명령 행 아규먼트:  -Dsun.stderr.encoding=UTF-8
17-Nov-2025 16:15:29.905 INFO [main] org.apache.catalina.core.AprLifecycleListener.lifecycleEvent 프로덕션 환경들에서 최적의 성능을 제공하는, APR 기반 Apache Tomcat Native 라이브러리가, 다음 java.library.path에서 발견되지 않습니다: [C:\Users\1\.jdks\graalvm-jdk-21.0.8\bin;C:\WINDOWS\Sun\Java\bin;C:\WINDOWS\system32;C:\WINDOWS;C:\Program Files (x86)\VMware\VMware Workstation\bin\;C:\Program Files\Zulu\zulu-21\bin\;C:\app\1\product\21c\dbhomeXE\bin;C:\Program Files\Java\jdk-17\bin;C:\Program Files\Common Files\Oracle\Java\javapath;C:\Program Files (x86)\Common Files\Oracle\Java\javapath;C:\WINDOWS\system32;C:\WINDOWS;C:\WINDOWS\System32\Wbem;C:\WINDOWS\System32\WindowsPowerShell\v1.0\;C:\WINDOWS\System32\OpenSSH\;C:\Program Files\Bandizip\;C:\Program Files\dotnet\;C:\Program Files (x86)\NVIDIA Corporation\PhysX\Common;C:\Program Files\NVIDIA Corporation\NVIDIA NvDLISR;C:\Program Files\Docker\Docker\resources\bin;C:\Program Files\Git\cmd;C:\Program Files\nodejs\;C:\Users\1\AppData\Local\Programs\Python\Python313\Scripts\;C:\Users\1\AppData\Local\Programs\Python\Python313\;C:\Users\1\AppData\Local\Microsoft\WindowsApps;;C:\Users\1\AppData\Local\afreeca;C:\Users\1\AppData\Local\SOOP;C:\Users\1\AppData\Local\Programs\Microsoft VS Code\bin;C:\Program Files\JetBrains\IntelliJ IDEA 2024.3.5\bin;;C:\Program Files\JetBrains\IntelliJ IDEA Community Edition 2025.1\bin;;C:\Users\1\AppData\Roaming\npm;.]
17-Nov-2025 16:15:30.081 INFO [main] org.apache.coyote.AbstractProtocol.init 프로토콜 핸들러 ["http-nio-8030"]을(를) 초기화합니다.
17-Nov-2025 16:15:30.096 INFO [main] org.apache.catalina.startup.Catalina.load [349] 밀리초 내에 서버가 초기화되었습니다.
17-Nov-2025 16:15:30.130 INFO [main] org.apache.catalina.core.StandardService.startInternal 서비스 [Catalina]을(를) 시작합니다.
17-Nov-2025 16:15:30.130 INFO [main] org.apache.catalina.core.StandardEngine.startInternal 서버 엔진을 시작합니다: [Apache Tomcat/11.0.14]
17-Nov-2025 16:15:30.141 INFO [main] org.apache.catalina.startup.HostConfig.deployDescriptor 배치 descriptor [C:\Users\1\Desktop\backend\jsp_project\conf\Catalina\localhost\ROOT.xml]을(를) 배치합니다.
17-Nov-2025 16:15:30.181 SEVERE [main] org.apache.catalina.startup.HostConfig.deployDescriptor 배치 descriptor [C:\Users\1\Desktop\backend\jsp_project\conf\Catalina\localhost\ROOT.xml]을(를) 배치하는 중 오류 발생
	java.lang.IllegalStateException: 자식 컨테이너를 시작하는 중 오류 발생
		at org.apache.catalina.core.ContainerBase.addChild(ContainerBase.java:567)
		at org.apache.catalina.core.StandardHost.addChild(StandardHost.java:650)
		at org.apache.catalina.startup.HostConfig.deployDescriptor(HostConfig.java:590)
		at org.apache.catalina.startup.HostConfig$DeployDescriptor.run(HostConfig.java:1828)
		at java.base/java.util.concurrent.Executors$RunnableAdapter.call(Executors.java:572)
		at java.base/java.util.concurrent.FutureTask.run(FutureTask.java:317)
		at org.apache.tomcat.util.threads.InlineExecutorService.execute(InlineExecutorService.java:81)
		at java.base/java.util.concurrent.AbstractExecutorService.submit(AbstractExecutorService.java:123)
		at org.apache.catalina.startup.HostConfig.deployDescriptors(HostConfig.java:485)
		at org.apache.catalina.startup.HostConfig.deployApps(HostConfig.java:376)
		at org.apache.catalina.startup.HostConfig.start(HostConfig.java:1579)
		at org.apache.catalina.startup.HostConfig.lifecycleEvent(HostConfig.java:262)
		at org.apache.catalina.util.LifecycleBase.fireLifecycleEvent(LifecycleBase.java:109)
		at org.apache.catalina.util.LifecycleBase.setStateInternal(LifecycleBase.java:389)
		at org.apache.catalina.util.LifecycleBase.setState(LifecycleBase.java:336)
		at org.apache.catalina.core.ContainerBase.startInternal(ContainerBase.java:741)
		at org.apache.catalina.core.StandardHost.startInternal(StandardHost.java:767)
		at org.apache.catalina.util.LifecycleBase.start(LifecycleBase.java:164)
		at org.apache.catalina.core.ContainerBase$StartChild.call(ContainerBase.java:1162)
		at org.apache.catalina.core.ContainerBase$StartChild.call(ContainerBase.java:1158)
		at java.base/java.util.concurrent.FutureTask.run(FutureTask.java:317)
		at org.apache.tomcat.util.threads.InlineExecutorService.execute(InlineExecutorService.java:81)
		at java.base/java.util.concurrent.AbstractExecutorService.submit(AbstractExecutorService.java:145)
		at org.apache.catalina.core.ContainerBase.startInternal(ContainerBase.java:714)
		at org.apache.catalina.core.StandardEngine.startInternal(StandardEngine.java:201)
		at org.apache.catalina.util.LifecycleBase.start(LifecycleBase.java:164)
		at org.apache.catalina.core.StandardService.startInternal(StandardService.java:410)
		at org.apache.catalina.util.LifecycleBase.start(LifecycleBase.java:164)
		at org.apache.catalina.core.StandardServer.startInternal(StandardServer.java:864)
		at org.apache.catalina.util.LifecycleBase.start(LifecycleBase.java:164)
		at org.apache.catalina.startup.Catalina.start(Catalina.java:756)
		at java.base/jdk.internal.reflect.DirectMethodHandleAccessor.invoke(DirectMethodHandleAccessor.java:103)
		at java.base/java.lang.reflect.Method.invoke(Method.java:580)
		at org.apache.catalina.startup.Bootstrap.start(Bootstrap.java:339)
		at org.apache.catalina.startup.Bootstrap.main(Bootstrap.java:470)
	Caused by: org.apache.catalina.LifecycleException: 구성요소 [org.apache.catalina.webresources.StandardRoot@791d1f8b]을(를) 시작하지 못했습니다.
		at org.apache.catalina.util.LifecycleBase.handleSubClassException(LifecycleBase.java:404)
		at org.apache.catalina.util.LifecycleBase.start(LifecycleBase.java:179)
		at org.apache.catalina.core.StandardContext.resourcesStart(StandardContext.java:4115)
		at org.apache.catalina.core.StandardContext.startInternal(StandardContext.java:4237)
		at org.apache.catalina.util.LifecycleBase.start(LifecycleBase.java:164)
		at org.apache.catalina.core.ContainerBase.addChild(ContainerBase.java:564)
		... 34 more
	Caused by: java.lang.IllegalArgumentException: The main resource set specified [C:\Users\1\Desktop\backend\jsp_project\src\webapp] is not a directory or war file, or is not readable (it does not exist or permissions to access it are missing)
		at org.apache.catalina.webresources.StandardRoot.createMainResourceSet(StandardRoot.java:749)
		at org.apache.catalina.webresources.StandardRoot.startInternal(StandardRoot.java:706)
		at org.apache.catalina.util.LifecycleBase.start(LifecycleBase.java:164)
		... 38 more
17-Nov-2025 16:15:30.189 INFO [main] org.apache.catalina.startup.HostConfig.deployDescriptor 배치 descriptor [C:\Users\1\Desktop\backend\jsp_project\conf\Catalina\localhost\ROOT.xml]의 배치가 [47] 밀리초 내에 완료되었습니다.
17-Nov-2025 16:15:30.193 INFO [main] org.apache.coyote.AbstractProtocol.start 프로토콜 핸들러 ["http-nio-8030"]을(를) 시작합니다.
17-Nov-2025 16:15:30.250 INFO [main] org.apache.catalina.startup.Catalina.start 서버가 [152] 밀리초 내에 시작되었습니다.
17-Nov-2025 16:18:30.734 INFO [Thread-1] org.apache.coyote.AbstractProtocol.pause 프로토콜 핸들러 ["http-nio-8030"]을(를) 일시 정지 중
17-Nov-2025 16:18:30.737 INFO [Thread-1] org.apache.catalina.core.StandardService.stopInternal 서비스 [Catalina]을(를) 중지시킵니다.
17-Nov-2025 16:18:30.739 INFO [Thread-1] org.apache.coyote.AbstractProtocol.stop 프로토콜 핸들러 ["http-nio-8030"]을(를) 중지시킵니다.
17-Nov-2025 16:18:30.743 INFO [Thread-1] org.apache.coyote.AbstractProtocol.destroy 프로토콜 핸들러 ["http-nio-8030"]을(를) 소멸시킵니다.
17-Nov-2025 16:18:31.742 INFO [main] org.apache.catalina.startup.VersionLoggerListener.log 서버 버전 이름:    Apache Tomcat/11.0.14
17-Nov-2025 16:18:31.745 INFO [main] org.apache.catalina.startup.VersionLoggerListener.log Server 빌드 시각:  Nov 5 2025 19:03:02 UTC
17-Nov-2025 16:18:31.745 INFO [main] org.apache.catalina.startup.VersionLoggerListener.log Server 버전 번호:  11.0.14.0
17-Nov-2025 16:18:31.745 INFO [main] org.apache.catalina.startup.VersionLoggerListener.log 운영체제 이름:     Windows 11
17-Nov-2025 16:18:31.746 INFO [main] org.apache.catalina.startup.VersionLoggerListener.log 운영체제 버전:     10.0
17-Nov-2025 16:18:31.746 INFO [main] org.apache.catalina.startup.VersionLoggerListener.log 아키텍처:          amd64
17-Nov-2025 16:18:31.746 INFO [main] org.apache.catalina.startup.VersionLoggerListener.log 자바 홈:           C:\Users\1\.jdks\graalvm-jdk-21.0.8
17-Nov-2025 16:18:31.746 INFO [main] org.apache.catalina.startup.VersionLoggerListener.log JVM 버전:          21.0.8+12-LTS-jvmci-23.1-b72
17-Nov-2025 16:18:31.746 INFO [main] org.apache.catalina.startup.VersionLoggerListener.log JVM 벤더:          Oracle Corporation
17-Nov-2025 16:18:31.746 INFO [main] org.apache.catalina.startup.VersionLoggerListener.log CATALINA_BASE:     C:\Users\1\Desktop\backend\jsp_project
17-Nov-2025 16:18:31.746 INFO [main] org.apache.catalina.startup.VersionLoggerListener.log CATALINA_HOME:     C:\Users\1\Desktop\backend\apache-tomcat-11.0.14
17-Nov-2025 16:18:31.754 INFO [main] org.apache.catalina.startup.VersionLoggerListener.log 명령 행 아규먼트:  -XX:ThreadPriorityPolicy=1
17-Nov-2025 16:18:31.754 INFO [main] org.apache.catalina.startup.VersionLoggerListener.log 명령 행 아규먼트:  -XX:+UnlockExperimentalVMOptions
17-Nov-2025 16:18:31.754 INFO [main] org.apache.catalina.startup.VersionLoggerListener.log 명령 행 아규먼트:  -XX:+EnableJVMCIProduct
17-Nov-2025 16:18:31.754 INFO [main] org.apache.catalina.startup.VersionLoggerListener.log 명령 행 아규먼트:  -XX:-UnlockExperimentalVMOptions
17-Nov-2025 16:18:31.754 INFO [main] org.apache.catalina.startup.VersionLoggerListener.log 명령 행 아규먼트:  --add-opens=java.base/java.lang=ALL-UNNAMED
17-Nov-2025 16:18:31.754 INFO [main] org.apache.catalina.startup.VersionLoggerListener.log 명령 행 아규먼트:  --add-opens=java.base/java.io=ALL-UNNAMED
17-Nov-2025 16:18:31.754 INFO [main] org.apache.catalina.startup.VersionLoggerListener.log 명령 행 아규먼트:  --add-opens=java.base/java.util=ALL-UNNAMED
17-Nov-2025 16:18:31.754 INFO [main] org.apache.catalina.startup.VersionLoggerListener.log 명령 행 아규먼트:  --add-opens=java.base/java.util.concurrent=ALL-UNNAMED
17-Nov-2025 16:18:31.754 INFO [main] org.apache.catalina.startup.VersionLoggerListener.log 명령 행 아규먼트:  --add-opens=java.rmi/sun.rmi.transport=ALL-UNNAMED
17-Nov-2025 16:18:31.754 INFO [main] org.apache.catalina.startup.VersionLoggerListener.log 명령 행 아규먼트:  -Dcatalina.home=C:\Users\1\Desktop\backend\apache-tomcat-11.0.14
17-Nov-2025 16:18:31.754 INFO [main] org.apache.catalina.startup.VersionLoggerListener.log 명령 행 아규먼트:  -Dcatalina.base=C:\Users\1\Desktop\backend\jsp_project
17-Nov-2025 16:18:31.755 INFO [main] org.apache.catalina.startup.VersionLoggerListener.log 명령 행 아규먼트:  -Djava.io.tmpdir=C:\Users\1\Desktop\backend\jsp_project\temp
17-Nov-2025 16:18:31.755 INFO [main] org.apache.catalina.startup.VersionLoggerListener.log 명령 행 아규먼트:  -Djava.util.logging.config.file=C:\Users\1\Desktop\backend\jsp_project\conf\logging.properties
17-Nov-2025 16:18:31.755 INFO [main] org.apache.catalina.startup.VersionLoggerListener.log 명령 행 아규먼트:  -Djava.util.logging.manager=org.apache.juli.ClassLoaderLogManager
17-Nov-2025 16:18:31.755 INFO [main] org.apache.catalina.startup.VersionLoggerListener.log 명령 행 아규먼트:  -javaagent:C:\Program Files\JetBrains\IntelliJ IDEA Community Edition 2025.1\lib\idea_rt.jar=63846
17-Nov-2025 16:18:31.755 INFO [main] org.apache.catalina.startup.VersionLoggerListener.log 명령 행 아규먼트:  -Dfile.encoding=UTF-8
17-Nov-2025 16:18:31.755 INFO [main] org.apache.catalina.startup.VersionLoggerListener.log 명령 행 아규먼트:  -Dsun.stdout.encoding=UTF-8
17-Nov-2025 16:18:31.755 INFO [main] org.apache.catalina.startup.VersionLoggerListener.log 명령 행 아규먼트:  -Dsun.stderr.encoding=UTF-8
17-Nov-2025 16:18:31.774 INFO [main] org.apache.catalina.core.AprLifecycleListener.lifecycleEvent 프로덕션 환경들에서 최적의 성능을 제공하는, APR 기반 Apache Tomcat Native 라이브러리가, 다음 java.library.path에서 발견되지 않습니다: [C:\Users\1\.jdks\graalvm-jdk-21.0.8\bin;C:\WINDOWS\Sun\Java\bin;C:\WINDOWS\system32;C:\WINDOWS;C:\Program Files (x86)\VMware\VMware Workstation\bin\;C:\Program Files\Zulu\zulu-21\bin\;C:\app\1\product\21c\dbhomeXE\bin;C:\Program Files\Java\jdk-17\bin;C:\Program Files\Common Files\Oracle\Java\javapath;C:\Program Files (x86)\Common Files\Oracle\Java\javapath;C:\WINDOWS\system32;C:\WINDOWS;C:\WINDOWS\System32\Wbem;C:\WINDOWS\System32\WindowsPowerShell\v1.0\;C:\WINDOWS\System32\OpenSSH\;C:\Program Files\Bandizip\;C:\Program Files\dotnet\;C:\Program Files (x86)\NVIDIA Corporation\PhysX\Common;C:\Program Files\NVIDIA Corporation\NVIDIA NvDLISR;C:\Program Files\Docker\Docker\resources\bin;C:\Program Files\Git\cmd;C:\Program Files\nodejs\;C:\Users\1\AppData\Local\Programs\Python\Python313\Scripts\;C:\Users\1\AppData\Local\Programs\Python\Python313\;C:\Users\1\AppData\Local\Microsoft\WindowsApps;;C:\Users\1\AppData\Local\afreeca;C:\Users\1\AppData\Local\SOOP;C:\Users\1\AppData\Local\Programs\Microsoft VS Code\bin;C:\Program Files\JetBrains\IntelliJ IDEA 2024.3.5\bin;;C:\Program Files\JetBrains\IntelliJ IDEA Community Edition 2025.1\bin;;C:\Users\1\AppData\Roaming\npm;.]
17-Nov-2025 16:18:31.974 INFO [main] org.apache.coyote.AbstractProtocol.init 프로토콜 핸들러 ["http-nio-8030"]을(를) 초기화합니다.
17-Nov-2025 16:18:31.991 INFO [main] org.apache.catalina.startup.Catalina.load [410] 밀리초 내에 서버가 초기화되었습니다.
17-Nov-2025 16:18:32.038 INFO [main] org.apache.catalina.core.StandardService.startInternal 서비스 [Catalina]을(를) 시작합니다.
17-Nov-2025 16:18:32.038 INFO [main] org.apache.catalina.core.StandardEngine.startInternal 서버 엔진을 시작합니다: [Apache Tomcat/11.0.14]
17-Nov-2025 16:18:32.050 INFO [main] org.apache.catalina.startup.HostConfig.deployDescriptor 배치 descriptor [C:\Users\1\Desktop\backend\jsp_project\conf\Catalina\localhost\ROOT.xml]을(를) 배치합니다.
17-Nov-2025 16:18:32.353 INFO [main] org.apache.catalina.startup.HostConfig.deployDescriptor 배치 descriptor [C:\Users\1\Desktop\backend\jsp_project\conf\Catalina\localhost\ROOT.xml]의 배치가 [301] 밀리초 내에 완료되었습니다.
17-Nov-2025 16:18:32.356 INFO [main] org.apache.coyote.AbstractProtocol.start 프로토콜 핸들러 ["http-nio-8030"]을(를) 시작합니다.
17-Nov-2025 16:18:32.375 INFO [main] org.apache.catalina.startup.Catalina.start 서버가 [382] 밀리초 내에 시작되었습니다.
17-Nov-2025 16:20:53.011 INFO [Thread-1] org.apache.coyote.AbstractProtocol.pause 프로토콜 핸들러 ["http-nio-8030"]을(를) 일시 정지 중
17-Nov-2025 16:20:53.014 INFO [Thread-1] org.apache.catalina.core.StandardService.stopInternal 서비스 [Catalina]을(를) 중지시킵니다.
17-Nov-2025 16:20:53.023 INFO [Thread-1] org.apache.coyote.AbstractProtocol.stop 프로토콜 핸들러 ["http-nio-8030"]을(를) 중지시킵니다.
17-Nov-2025 16:20:53.026 INFO [Thread-1] org.apache.coyote.AbstractProtocol.destroy 프로토콜 핸들러 ["http-nio-8030"]을(를) 소멸시킵니다.
17-Nov-2025 16:20:54.117 INFO [main] org.apache.catalina.startup.VersionLoggerListener.log 서버 버전 이름:    Apache Tomcat/11.0.14
17-Nov-2025 16:20:54.120 INFO [main] org.apache.catalina.startup.VersionLoggerListener.log Server 빌드 시각:  Nov 5 2025 19:03:02 UTC
17-Nov-2025 16:20:54.120 INFO [main] org.apache.catalina.startup.VersionLoggerListener.log Server 버전 번호:  11.0.14.0
17-Nov-2025 16:20:54.121 INFO [main] org.apache.catalina.startup.VersionLoggerListener.log 운영체제 이름:     Windows 11
17-Nov-2025 16:20:54.121 INFO [main] org.apache.catalina.startup.VersionLoggerListener.log 운영체제 버전:     10.0
17-Nov-2025 16:20:54.121 INFO [main] org.apache.catalina.startup.VersionLoggerListener.log 아키텍처:          amd64
17-Nov-2025 16:20:54.121 INFO [main] org.apache.catalina.startup.VersionLoggerListener.log 자바 홈:           C:\Users\1\.jdks\graalvm-jdk-21.0.8
17-Nov-2025 16:20:54.121 INFO [main] org.apache.catalina.startup.VersionLoggerListener.log JVM 버전:          21.0.8+12-LTS-jvmci-23.1-b72
17-Nov-2025 16:20:54.121 INFO [main] org.apache.catalina.startup.VersionLoggerListener.log JVM 벤더:          Oracle Corporation
17-Nov-2025 16:20:54.121 INFO [main] org.apache.catalina.startup.VersionLoggerListener.log CATALINA_BASE:     C:\Users\1\Desktop\backend\jsp_project
17-Nov-2025 16:20:54.121 INFO [main] org.apache.catalina.startup.VersionLoggerListener.log CATALINA_HOME:     C:\Users\1\Desktop\backend\apache-tomcat-11.0.14
17-Nov-2025 16:20:54.128 INFO [main] org.apache.catalina.startup.VersionLoggerListener.log 명령 행 아규먼트:  -XX:ThreadPriorityPolicy=1
17-Nov-2025 16:20:54.128 INFO [main] org.apache.catalina.startup.VersionLoggerListener.log 명령 행 아규먼트:  -XX:+UnlockExperimentalVMOptions
17-Nov-2025 16:20:54.128 INFO [main] org.apache.catalina.startup.VersionLoggerListener.log 명령 행 아규먼트:  -XX:+EnableJVMCIProduct
17-Nov-2025 16:20:54.128 INFO [main] org.apache.catalina.startup.VersionLoggerListener.log 명령 행 아규먼트:  -XX:-UnlockExperimentalVMOptions
17-Nov-2025 16:20:54.128 INFO [main] org.apache.catalina.startup.VersionLoggerListener.log 명령 행 아규먼트:  --add-opens=java.base/java.lang=ALL-UNNAMED
17-Nov-2025 16:20:54.128 INFO [main] org.apache.catalina.startup.VersionLoggerListener.log 명령 행 아규먼트:  --add-opens=java.base/java.io=ALL-UNNAMED
17-Nov-2025 16:20:54.128 INFO [main] org.apache.catalina.startup.VersionLoggerListener.log 명령 행 아규먼트:  --add-opens=java.base/java.util=ALL-UNNAMED
17-Nov-2025 16:20:54.128 INFO [main] org.apache.catalina.startup.VersionLoggerListener.log 명령 행 아규먼트:  --add-opens=java.base/java.util.concurrent=ALL-UNNAMED
17-Nov-2025 16:20:54.128 INFO [main] org.apache.catalina.startup.VersionLoggerListener.log 명령 행 아규먼트:  --add-opens=java.rmi/sun.rmi.transport=ALL-UNNAMED
17-Nov-2025 16:20:54.130 INFO [main] org.apache.catalina.startup.VersionLoggerListener.log 명령 행 아규먼트:  -Dcatalina.home=C:\Users\1\Desktop\backend\apache-tomcat-11.0.14
17-Nov-2025 16:20:54.130 INFO [main] org.apache.catalina.startup.VersionLoggerListener.log 명령 행 아규먼트:  -Dcatalina.base=C:\Users\1\Desktop\backend\jsp_project
17-Nov-2025 16:20:54.130 INFO [main] org.apache.catalina.startup.VersionLoggerListener.log 명령 행 아규먼트:  -Djava.io.tmpdir=C:\Users\1\Desktop\backend\jsp_project\temp
17-Nov-2025 16:20:54.130 INFO [main] org.apache.catalina.startup.VersionLoggerListener.log 명령 행 아규먼트:  -Djava.util.logging.config.file=C:\Users\1\Desktop\backend\jsp_project\conf\logging.properties
17-Nov-2025 16:20:54.130 INFO [main] org.apache.catalina.startup.VersionLoggerListener.log 명령 행 아규먼트:  -Djava.util.logging.manager=org.apache.juli.ClassLoaderLogManager
17-Nov-2025 16:20:54.130 INFO [main] org.apache.catalina.startup.VersionLoggerListener.log 명령 행 아규먼트:  -javaagent:C:\Program Files\JetBrains\IntelliJ IDEA Community Edition 2025.1\lib\idea_rt.jar=50102
17-Nov-2025 16:20:54.130 INFO [main] org.apache.catalina.startup.VersionLoggerListener.log 명령 행 아규먼트:  -Dfile.encoding=UTF-8
17-Nov-2025 16:20:54.130 INFO [main] org.apache.catalina.startup.VersionLoggerListener.log 명령 행 아규먼트:  -Dsun.stdout.encoding=UTF-8
17-Nov-2025 16:20:54.130 INFO [main] org.apache.catalina.startup.VersionLoggerListener.log 명령 행 아규먼트:  -Dsun.stderr.encoding=UTF-8
17-Nov-2025 16:20:54.143 INFO [main] org.apache.catalina.core.AprLifecycleListener.lifecycleEvent 프로덕션 환경들에서 최적의 성능을 제공하는, APR 기반 Apache Tomcat Native 라이브러리가, 다음 java.library.path에서 발견되지 않습니다: [C:\Users\1\.jdks\graalvm-jdk-21.0.8\bin;C:\WINDOWS\Sun\Java\bin;C:\WINDOWS\system32;C:\WINDOWS;C:\Program Files (x86)\VMware\VMware Workstation\bin\;C:\Program Files\Zulu\zulu-21\bin\;C:\app\1\product\21c\dbhomeXE\bin;C:\Program Files\Java\jdk-17\bin;C:\Program Files\Common Files\Oracle\Java\javapath;C:\Program Files (x86)\Common Files\Oracle\Java\javapath;C:\WINDOWS\system32;C:\WINDOWS;C:\WINDOWS\System32\Wbem;C:\WINDOWS\System32\WindowsPowerShell\v1.0\;C:\WINDOWS\System32\OpenSSH\;C:\Program Files\Bandizip\;C:\Program Files\dotnet\;C:\Program Files (x86)\NVIDIA Corporation\PhysX\Common;C:\Program Files\NVIDIA Corporation\NVIDIA NvDLISR;C:\Program Files\Docker\Docker\resources\bin;C:\Program Files\Git\cmd;C:\Program Files\nodejs\;C:\Users\1\AppData\Local\Programs\Python\Python313\Scripts\;C:\Users\1\AppData\Local\Programs\Python\Python313\;C:\Users\1\AppData\Local\Microsoft\WindowsApps;;C:\Users\1\AppData\Local\afreeca;C:\Users\1\AppData\Local\SOOP;C:\Users\1\AppData\Local\Programs\Microsoft VS Code\bin;C:\Program Files\JetBrains\IntelliJ IDEA 2024.3.5\bin;;C:\Program Files\JetBrains\IntelliJ IDEA Community Edition 2025.1\bin;;C:\Users\1\AppData\Roaming\npm;.]
17-Nov-2025 16:20:54.315 INFO [main] org.apache.coyote.AbstractProtocol.init 프로토콜 핸들러 ["http-nio-8030"]을(를) 초기화합니다.
17-Nov-2025 16:20:54.327 INFO [main] org.apache.catalina.startup.Catalina.load [348] 밀리초 내에 서버가 초기화되었습니다.
17-Nov-2025 16:20:54.361 INFO [main] org.apache.catalina.core.StandardService.startInternal 서비스 [Catalina]을(를) 시작합니다.
17-Nov-2025 16:20:54.361 INFO [main] org.apache.catalina.core.StandardEngine.startInternal 서버 엔진을 시작합니다: [Apache Tomcat/11.0.14]
17-Nov-2025 16:20:54.368 INFO [main] org.apache.catalina.startup.HostConfig.deployDescriptor 배치 descriptor [C:\Users\1\Desktop\backend\jsp_project\conf\Catalina\localhost\ROOT.xml]을(를) 배치합니다.
17-Nov-2025 16:20:54.652 INFO [main] org.apache.catalina.startup.HostConfig.deployDescriptor 배치 descriptor [C:\Users\1\Desktop\backend\jsp_project\conf\Catalina\localhost\ROOT.xml]의 배치가 [282] 밀리초 내에 완료되었습니다.
17-Nov-2025 16:20:54.656 INFO [main] org.apache.coyote.AbstractProtocol.start 프로토콜 핸들러 ["http-nio-8030"]을(를) 시작합니다.
17-Nov-2025 16:20:54.675 INFO [main] org.apache.catalina.startup.Catalina.start 서버가 [347] 밀리초 내에 시작되었습니다.
17-Nov-2025 16:23:48.378 INFO [Thread-1] org.apache.coyote.AbstractProtocol.pause 프로토콜 핸들러 ["http-nio-8030"]을(를) 일시 정지 중
17-Nov-2025 16:23:48.382 INFO [Thread-1] org.apache.catalina.core.StandardService.stopInternal 서비스 [Catalina]을(를) 중지시킵니다.
17-Nov-2025 16:23:48.389 INFO [Thread-1] org.apache.coyote.AbstractProtocol.stop 프로토콜 핸들러 ["http-nio-8030"]을(를) 중지시킵니다.
17-Nov-2025 16:23:48.391 INFO [Thread-1] org.apache.coyote.AbstractProtocol.destroy 프로토콜 핸들러 ["http-nio-8030"]을(를) 소멸시킵니다.
17-Nov-2025 16:23:49.522 INFO [main] org.apache.catalina.startup.VersionLoggerListener.log 서버 버전 이름:    Apache Tomcat/11.0.14
17-Nov-2025 16:23:49.525 INFO [main] org.apache.catalina.startup.VersionLoggerListener.log Server 빌드 시각:  Nov 5 2025 19:03:02 UTC
17-Nov-2025 16:23:49.525 INFO [main] org.apache.catalina.startup.VersionLoggerListener.log Server 버전 번호:  11.0.14.0
17-Nov-2025 16:23:49.525 INFO [main] org.apache.catalina.startup.VersionLoggerListener.log 운영체제 이름:     Windows 11
17-Nov-2025 16:23:49.526 INFO [main] org.apache.catalina.startup.VersionLoggerListener.log 운영체제 버전:     10.0
17-Nov-2025 16:23:49.526 INFO [main] org.apache.catalina.startup.VersionLoggerListener.log 아키텍처:          amd64
17-Nov-2025 16:23:49.526 INFO [main] org.apache.catalina.startup.VersionLoggerListener.log 자바 홈:           C:\Users\1\.jdks\graalvm-jdk-21.0.8
17-Nov-2025 16:23:49.526 INFO [main] org.apache.catalina.startup.VersionLoggerListener.log JVM 버전:          21.0.8+12-LTS-jvmci-23.1-b72
17-Nov-2025 16:23:49.526 INFO [main] org.apache.catalina.startup.VersionLoggerListener.log JVM 벤더:          Oracle Corporation
17-Nov-2025 16:23:49.526 INFO [main] org.apache.catalina.startup.VersionLoggerListener.log CATALINA_BASE:     C:\Users\1\Desktop\backend\jsp_project
17-Nov-2025 16:23:49.526 INFO [main] org.apache.catalina.startup.VersionLoggerListener.log CATALINA_HOME:     C:\Users\1\Desktop\backend\apache-tomcat-11.0.14
17-Nov-2025 16:23:49.534 INFO [main] org.apache.catalina.startup.VersionLoggerListener.log 명령 행 아규먼트:  -XX:ThreadPriorityPolicy=1
17-Nov-2025 16:23:49.534 INFO [main] org.apache.catalina.startup.VersionLoggerListener.log 명령 행 아규먼트:  -XX:+UnlockExperimentalVMOptions
17-Nov-2025 16:23:49.534 INFO [main] org.apache.catalina.startup.VersionLoggerListener.log 명령 행 아규먼트:  -XX:+EnableJVMCIProduct
17-Nov-2025 16:23:49.534 INFO [main] org.apache.catalina.startup.VersionLoggerListener.log 명령 행 아규먼트:  -XX:-UnlockExperimentalVMOptions
17-Nov-2025 16:23:49.534 INFO [main] org.apache.catalina.startup.VersionLoggerListener.log 명령 행 아규먼트:  --add-opens=java.base/java.lang=ALL-UNNAMED
17-Nov-2025 16:23:49.534 INFO [main] org.apache.catalina.startup.VersionLoggerListener.log 명령 행 아규먼트:  --add-opens=java.base/java.io=ALL-UNNAMED
17-Nov-2025 16:23:49.535 INFO [main] org.apache.catalina.startup.VersionLoggerListener.log 명령 행 아규먼트:  --add-opens=java.base/java.util=ALL-UNNAMED
17-Nov-2025 16:23:49.535 INFO [main] org.apache.catalina.startup.VersionLoggerListener.log 명령 행 아규먼트:  --add-opens=java.base/java.util.concurrent=ALL-UNNAMED
17-Nov-2025 16:23:49.535 INFO [main] org.apache.catalina.startup.VersionLoggerListener.log 명령 행 아규먼트:  --add-opens=java.rmi/sun.rmi.transport=ALL-UNNAMED
17-Nov-2025 16:23:49.535 INFO [main] org.apache.catalina.startup.VersionLoggerListener.log 명령 행 아규먼트:  -Dcatalina.home=C:\Users\1\Desktop\backend\apache-tomcat-11.0.14
17-Nov-2025 16:23:49.535 INFO [main] org.apache.catalina.startup.VersionLoggerListener.log 명령 행 아규먼트:  -Dcatalina.base=C:\Users\1\Desktop\backend\jsp_project
17-Nov-2025 16:23:49.535 INFO [main] org.apache.catalina.startup.VersionLoggerListener.log 명령 행 아규먼트:  -Djava.io.tmpdir=C:\Users\1\Desktop\backend\jsp_project\temp
17-Nov-2025 16:23:49.535 INFO [main] org.apache.catalina.startup.VersionLoggerListener.log 명령 행 아규먼트:  -Djava.util.logging.config.file=C:\Users\1\Desktop\backend\jsp_project\conf\logging.properties
17-Nov-2025 16:23:49.535 INFO [main] org.apache.catalina.startup.VersionLoggerListener.log 명령 행 아규먼트:  -Djava.util.logging.manager=org.apache.juli.ClassLoaderLogManager
17-Nov-2025 16:23:49.535 INFO [main] org.apache.catalina.startup.VersionLoggerListener.log 명령 행 아규먼트:  -javaagent:C:\Program Files\JetBrains\IntelliJ IDEA Community Edition 2025.1\lib\idea_rt.jar=55370
17-Nov-2025 16:23:49.536 INFO [main] org.apache.catalina.startup.VersionLoggerListener.log 명령 행 아규먼트:  -Dfile.encoding=UTF-8
17-Nov-2025 16:23:49.536 INFO [main] org.apache.catalina.startup.VersionLoggerListener.log 명령 행 아규먼트:  -Dsun.stdout.encoding=UTF-8
17-Nov-2025 16:23:49.536 INFO [main] org.apache.catalina.startup.VersionLoggerListener.log 명령 행 아규먼트:  -Dsun.stderr.encoding=UTF-8
17-Nov-2025 16:23:49.549 INFO [main] org.apache.catalina.core.AprLifecycleListener.lifecycleEvent 프로덕션 환경들에서 최적의 성능을 제공하는, APR 기반 Apache Tomcat Native 라이브러리가, 다음 java.library.path에서 발견되지 않습니다: [C:\Users\1\.jdks\graalvm-jdk-21.0.8\bin;C:\WINDOWS\Sun\Java\bin;C:\WINDOWS\system32;C:\WINDOWS;C:\Program Files (x86)\VMware\VMware Workstation\bin\;C:\Program Files\Zulu\zulu-21\bin\;C:\app\1\product\21c\dbhomeXE\bin;C:\Program Files\Java\jdk-17\bin;C:\Program Files\Common Files\Oracle\Java\javapath;C:\Program Files (x86)\Common Files\Oracle\Java\javapath;C:\WINDOWS\system32;C:\WINDOWS;C:\WINDOWS\System32\Wbem;C:\WINDOWS\System32\WindowsPowerShell\v1.0\;C:\WINDOWS\System32\OpenSSH\;C:\Program Files\Bandizip\;C:\Program Files\dotnet\;C:\Program Files (x86)\NVIDIA Corporation\PhysX\Common;C:\Program Files\NVIDIA Corporation\NVIDIA NvDLISR;C:\Program Files\Docker\Docker\resources\bin;C:\Program Files\Git\cmd;C:\Program Files\nodejs\;C:\Users\1\AppData\Local\Programs\Python\Python313\Scripts\;C:\Users\1\AppData\Local\Programs\Python\Python313\;C:\Users\1\AppData\Local\Microsoft\WindowsApps;;C:\Users\1\AppData\Local\afreeca;C:\Users\1\AppData\Local\SOOP;C:\Users\1\AppData\Local\Programs\Microsoft VS Code\bin;C:\Program Files\JetBrains\IntelliJ IDEA 2024.3.5\bin;;C:\Program Files\JetBrains\IntelliJ IDEA Community Edition 2025.1\bin;;C:\Users\1\AppData\Roaming\npm;.]
17-Nov-2025 16:23:49.743 INFO [main] org.apache.coyote.AbstractProtocol.init 프로토콜 핸들러 ["http-nio-8030"]을(를) 초기화합니다.
17-Nov-2025 16:23:49.755 INFO [main] org.apache.catalina.startup.Catalina.load [375] 밀리초 내에 서버가 초기화되었습니다.
17-Nov-2025 16:23:49.786 INFO [main] org.apache.catalina.core.StandardService.startInternal 서비스 [Catalina]을(를) 시작합니다.
17-Nov-2025 16:23:49.787 INFO [main] org.apache.catalina.core.StandardEngine.startInternal 서버 엔진을 시작합니다: [Apache Tomcat/11.0.14]
17-Nov-2025 16:23:49.797 INFO [main] org.apache.catalina.startup.HostConfig.deployDescriptor 배치 descriptor [C:\Users\1\Desktop\backend\jsp_project\conf\Catalina\localhost\ROOT.xml]을(를) 배치합니다.
17-Nov-2025 16:23:50.073 INFO [main] org.apache.catalina.startup.HostConfig.deployDescriptor 배치 descriptor [C:\Users\1\Desktop\backend\jsp_project\conf\Catalina\localhost\ROOT.xml]의 배치가 [274] 밀리초 내에 완료되었습니다.
17-Nov-2025 16:23:50.076 INFO [main] org.apache.coyote.AbstractProtocol.start 프로토콜 핸들러 ["http-nio-8030"]을(를) 시작합니다.
17-Nov-2025 16:23:50.095 INFO [main] org.apache.catalina.startup.Catalina.start 서버가 [338] 밀리초 내에 시작되었습니다.
17-Nov-2025 16:25:37.135 INFO [Thread-1] org.apache.coyote.AbstractProtocol.pause 프로토콜 핸들러 ["http-nio-8030"]을(를) 일시 정지 중
17-Nov-2025 16:25:37.138 INFO [Thread-1] org.apache.catalina.core.StandardService.stopInternal 서비스 [Catalina]을(를) 중지시킵니다.
17-Nov-2025 16:25:37.145 INFO [Thread-1] org.apache.coyote.AbstractProtocol.stop 프로토콜 핸들러 ["http-nio-8030"]을(를) 중지시킵니다.
17-Nov-2025 16:25:37.148 INFO [Thread-1] org.apache.coyote.AbstractProtocol.destroy 프로토콜 핸들러 ["http-nio-8030"]을(를) 소멸시킵니다.
17-Nov-2025 16:25:38.056 INFO [main] org.apache.catalina.startup.VersionLoggerListener.log 서버 버전 이름:    Apache Tomcat/11.0.14
17-Nov-2025 16:25:38.059 INFO [main] org.apache.catalina.startup.VersionLoggerListener.log Server 빌드 시각:  Nov 5 2025 19:03:02 UTC
17-Nov-2025 16:25:38.059 INFO [main] org.apache.catalina.startup.VersionLoggerListener.log Server 버전 번호:  11.0.14.0
17-Nov-2025 16:25:38.059 INFO [main] org.apache.catalina.startup.VersionLoggerListener.log 운영체제 이름:     Windows 11
17-Nov-2025 16:25:38.059 INFO [main] org.apache.catalina.startup.VersionLoggerListener.log 운영체제 버전:     10.0
17-Nov-2025 16:25:38.059 INFO [main] org.apache.catalina.startup.VersionLoggerListener.log 아키텍처:          amd64
17-Nov-2025 16:25:38.059 INFO [main] org.apache.catalina.startup.VersionLoggerListener.log 자바 홈:           C:\Users\1\.jdks\graalvm-jdk-21.0.8
17-Nov-2025 16:25:38.059 INFO [main] org.apache.catalina.startup.VersionLoggerListener.log JVM 버전:          21.0.8+12-LTS-jvmci-23.1-b72
17-Nov-2025 16:25:38.059 INFO [main] org.apache.catalina.startup.VersionLoggerListener.log JVM 벤더:          Oracle Corporation
17-Nov-2025 16:25:38.060 INFO [main] org.apache.catalina.startup.VersionLoggerListener.log CATALINA_BASE:     C:\Users\1\Desktop\backend\jsp_project
17-Nov-2025 16:25:38.060 INFO [main] org.apache.catalina.startup.VersionLoggerListener.log CATALINA_HOME:     C:\Users\1\Desktop\backend\apache-tomcat-11.0.14
17-Nov-2025 16:25:38.066 INFO [main] org.apache.catalina.startup.VersionLoggerListener.log 명령 행 아규먼트:  -XX:ThreadPriorityPolicy=1
17-Nov-2025 16:25:38.067 INFO [main] org.apache.catalina.startup.VersionLoggerListener.log 명령 행 아규먼트:  -XX:+UnlockExperimentalVMOptions
17-Nov-2025 16:25:38.067 INFO [main] org.apache.catalina.startup.VersionLoggerListener.log 명령 행 아규먼트:  -XX:+EnableJVMCIProduct
17-Nov-2025 16:25:38.067 INFO [main] org.apache.catalina.startup.VersionLoggerListener.log 명령 행 아규먼트:  -XX:-UnlockExperimentalVMOptions
17-Nov-2025 16:25:38.067 INFO [main] org.apache.catalina.startup.VersionLoggerListener.log 명령 행 아규먼트:  --add-opens=java.base/java.lang=ALL-UNNAMED
17-Nov-2025 16:25:38.067 INFO [main] org.apache.catalina.startup.VersionLoggerListener.log 명령 행 아규먼트:  --add-opens=java.base/java.io=ALL-UNNAMED
17-Nov-2025 16:25:38.067 INFO [main] org.apache.catalina.startup.VersionLoggerListener.log 명령 행 아규먼트:  --add-opens=java.base/java.util=ALL-UNNAMED
17-Nov-2025 16:25:38.067 INFO [main] org.apache.catalina.startup.VersionLoggerListener.log 명령 행 아규먼트:  --add-opens=java.base/java.util.concurrent=ALL-UNNAMED
17-Nov-2025 16:25:38.067 INFO [main] org.apache.catalina.startup.VersionLoggerListener.log 명령 행 아규먼트:  --add-opens=java.rmi/sun.rmi.transport=ALL-UNNAMED
17-Nov-2025 16:25:38.067 INFO [main] org.apache.catalina.startup.VersionLoggerListener.log 명령 행 아규먼트:  -Dcatalina.home=C:\Users\1\Desktop\backend\apache-tomcat-11.0.14
17-Nov-2025 16:25:38.067 INFO [main] org.apache.catalina.startup.VersionLoggerListener.log 명령 행 아규먼트:  -Dcatalina.base=C:\Users\1\Desktop\backend\jsp_project
17-Nov-2025 16:25:38.068 INFO [main] org.apache.catalina.startup.VersionLoggerListener.log 명령 행 아규먼트:  -Djava.io.tmpdir=C:\Users\1\Desktop\backend\jsp_project\temp
17-Nov-2025 16:25:38.068 INFO [main] org.apache.catalina.startup.VersionLoggerListener.log 명령 행 아규먼트:  -Djava.util.logging.config.file=C:\Users\1\Desktop\backend\jsp_project\conf\logging.properties
17-Nov-2025 16:25:38.068 INFO [main] org.apache.catalina.startup.VersionLoggerListener.log 명령 행 아규먼트:  -Djava.util.logging.manager=org.apache.juli.ClassLoaderLogManager
17-Nov-2025 16:25:38.068 INFO [main] org.apache.catalina.startup.VersionLoggerListener.log 명령 행 아규먼트:  -javaagent:C:\Program Files\JetBrains\IntelliJ IDEA Community Edition 2025.1\lib\idea_rt.jar=53202
17-Nov-2025 16:25:38.068 INFO [main] org.apache.catalina.startup.VersionLoggerListener.log 명령 행 아규먼트:  -Dfile.encoding=UTF-8
17-Nov-2025 16:25:38.068 INFO [main] org.apache.catalina.startup.VersionLoggerListener.log 명령 행 아규먼트:  -Dsun.stdout.encoding=UTF-8
17-Nov-2025 16:25:38.068 INFO [main] org.apache.catalina.startup.VersionLoggerListener.log 명령 행 아규먼트:  -Dsun.stderr.encoding=UTF-8
17-Nov-2025 16:25:38.080 INFO [main] org.apache.catalina.core.AprLifecycleListener.lifecycleEvent 프로덕션 환경들에서 최적의 성능을 제공하는, APR 기반 Apache Tomcat Native 라이브러리가, 다음 java.library.path에서 발견되지 않습니다: [C:\Users\1\.jdks\graalvm-jdk-21.0.8\bin;C:\WINDOWS\Sun\Java\bin;C:\WINDOWS\system32;C:\WINDOWS;C:\Program Files (x86)\VMware\VMware Workstation\bin\;C:\Program Files\Zulu\zulu-21\bin\;C:\app\1\product\21c\dbhomeXE\bin;C:\Program Files\Java\jdk-17\bin;C:\Program Files\Common Files\Oracle\Java\javapath;C:\Program Files (x86)\Common Files\Oracle\Java\javapath;C:\WINDOWS\system32;C:\WINDOWS;C:\WINDOWS\System32\Wbem;C:\WINDOWS\System32\WindowsPowerShell\v1.0\;C:\WINDOWS\System32\OpenSSH\;C:\Program Files\Bandizip\;C:\Program Files\dotnet\;C:\Program Files (x86)\NVIDIA Corporation\PhysX\Common;C:\Program Files\NVIDIA Corporation\NVIDIA NvDLISR;C:\Program Files\Docker\Docker\resources\bin;C:\Program Files\Git\cmd;C:\Program Files\nodejs\;C:\Users\1\AppData\Local\Programs\Python\Python313\Scripts\;C:\Users\1\AppData\Local\Programs\Python\Python313\;C:\Users\1\AppData\Local\Microsoft\WindowsApps;;C:\Users\1\AppData\Local\afreeca;C:\Users\1\AppData\Local\SOOP;C:\Users\1\AppData\Local\Programs\Microsoft VS Code\bin;C:\Program Files\JetBrains\IntelliJ IDEA 2024.3.5\bin;;C:\Program Files\JetBrains\IntelliJ IDEA Community Edition 2025.1\bin;;C:\Users\1\AppData\Roaming\npm;.]
17-Nov-2025 16:25:38.254 INFO [main] org.apache.coyote.AbstractProtocol.init 프로토콜 핸들러 ["http-nio-8030"]을(를) 초기화합니다.
17-Nov-2025 16:25:38.268 INFO [main] org.apache.catalina.startup.Catalina.load [336] 밀리초 내에 서버가 초기화되었습니다.
17-Nov-2025 16:25:38.299 INFO [main] org.apache.catalina.core.StandardService.startInternal 서비스 [Catalina]을(를) 시작합니다.
17-Nov-2025 16:25:38.300 INFO [main] org.apache.catalina.core.StandardEngine.startInternal 서버 엔진을 시작합니다: [Apache Tomcat/11.0.14]
17-Nov-2025 16:25:38.308 INFO [main] org.apache.catalina.startup.HostConfig.deployDescriptor 배치 descriptor [C:\Users\1\Desktop\backend\jsp_project\conf\Catalina\localhost\ROOT.xml]을(를) 배치합니다.
17-Nov-2025 16:25:38.580 INFO [main] org.apache.catalina.startup.HostConfig.deployDescriptor 배치 descriptor [C:\Users\1\Desktop\backend\jsp_project\conf\Catalina\localhost\ROOT.xml]의 배치가 [270] 밀리초 내에 완료되었습니다.
17-Nov-2025 16:25:38.584 INFO [main] org.apache.coyote.AbstractProtocol.start 프로토콜 핸들러 ["http-nio-8030"]을(를) 시작합니다.
17-Nov-2025 16:25:38.603 INFO [main] org.apache.catalina.startup.Catalina.start 서버가 [334] 밀리초 내에 시작되었습니다.
17-Nov-2025 16:25:54.561 INFO [Thread-1] org.apache.coyote.AbstractProtocol.pause 프로토콜 핸들러 ["http-nio-8030"]을(를) 일시 정지 중
17-Nov-2025 16:25:54.564 INFO [Thread-1] org.apache.catalina.core.StandardService.stopInternal 서비스 [Catalina]을(를) 중지시킵니다.
17-Nov-2025 16:25:54.571 INFO [Thread-1] org.apache.coyote.AbstractProtocol.stop 프로토콜 핸들러 ["http-nio-8030"]을(를) 중지시킵니다.
17-Nov-2025 16:25:54.573 INFO [Thread-1] org.apache.coyote.AbstractProtocol.destroy 프로토콜 핸들러 ["http-nio-8030"]을(를) 소멸시킵니다.
