22-Nov-2025 11:20:38.100 INFO [main] org.apache.catalina.startup.VersionLoggerListener.log 서버 버전 이름:    Apache Tomcat/11.0.14
22-Nov-2025 11:20:38.103 INFO [main] org.apache.catalina.startup.VersionLoggerListener.log Server 빌드 시각:  Nov 5 2025 19:03:02 UTC
22-Nov-2025 11:20:38.103 INFO [main] org.apache.catalina.startup.VersionLoggerListener.log Server 버전 번호:  11.0.14.0
22-Nov-2025 11:20:38.104 INFO [main] org.apache.catalina.startup.VersionLoggerListener.log 운영체제 이름:     Windows 11
22-Nov-2025 11:20:38.104 INFO [main] org.apache.catalina.startup.VersionLoggerListener.log 운영체제 버전:     10.0
22-Nov-2025 11:20:38.104 INFO [main] org.apache.catalina.startup.VersionLoggerListener.log 아키텍처:          amd64
22-Nov-2025 11:20:38.104 INFO [main] org.apache.catalina.startup.VersionLoggerListener.log 자바 홈:           C:\Users\1\.jdks\graalvm-jdk-21.0.8
22-Nov-2025 11:20:38.104 INFO [main] org.apache.catalina.startup.VersionLoggerListener.log JVM 버전:          21.0.8+12-LTS-jvmci-23.1-b72
22-Nov-2025 11:20:38.104 INFO [main] org.apache.catalina.startup.VersionLoggerListener.log JVM 벤더:          Oracle Corporation
22-Nov-2025 11:20:38.104 INFO [main] org.apache.catalina.startup.VersionLoggerListener.log CATALINA_BASE:     C:\Users\1\Desktop\backend\jsp_project
22-Nov-2025 11:20:38.104 INFO [main] org.apache.catalina.startup.VersionLoggerListener.log CATALINA_HOME:     C:\Users\1\Desktop\backend\apache-tomcat-11.0.14
22-Nov-2025 11:20:38.112 INFO [main] org.apache.catalina.startup.VersionLoggerListener.log 명령 행 아규먼트:  -XX:ThreadPriorityPolicy=1
22-Nov-2025 11:20:38.112 INFO [main] org.apache.catalina.startup.VersionLoggerListener.log 명령 행 아규먼트:  -XX:+UnlockExperimentalVMOptions
22-Nov-2025 11:20:38.112 INFO [main] org.apache.catalina.startup.VersionLoggerListener.log 명령 행 아규먼트:  -XX:+EnableJVMCIProduct
22-Nov-2025 11:20:38.113 INFO [main] org.apache.catalina.startup.VersionLoggerListener.log 명령 행 아규먼트:  -XX:-UnlockExperimentalVMOptions
22-Nov-2025 11:20:38.113 INFO [main] org.apache.catalina.startup.VersionLoggerListener.log 명령 행 아규먼트:  --add-opens=java.base/java.lang=ALL-UNNAMED
22-Nov-2025 11:20:38.113 INFO [main] org.apache.catalina.startup.VersionLoggerListener.log 명령 행 아규먼트:  --add-opens=java.base/java.io=ALL-UNNAMED
22-Nov-2025 11:20:38.113 INFO [main] org.apache.catalina.startup.VersionLoggerListener.log 명령 행 아규먼트:  --add-opens=java.base/java.util=ALL-UNNAMED
22-Nov-2025 11:20:38.113 INFO [main] org.apache.catalina.startup.VersionLoggerListener.log 명령 행 아규먼트:  --add-opens=java.base/java.util.concurrent=ALL-UNNAMED
22-Nov-2025 11:20:38.113 INFO [main] org.apache.catalina.startup.VersionLoggerListener.log 명령 행 아규먼트:  --add-opens=java.rmi/sun.rmi.transport=ALL-UNNAMED
22-Nov-2025 11:20:38.113 INFO [main] org.apache.catalina.startup.VersionLoggerListener.log 명령 행 아규먼트:  -Dcatalina.home=C:\Users\1\Desktop\backend\apache-tomcat-11.0.14
22-Nov-2025 11:20:38.113 INFO [main] org.apache.catalina.startup.VersionLoggerListener.log 명령 행 아규먼트:  -Dcatalina.base=C:\Users\1\Desktop\backend\jsp_project
22-Nov-2025 11:20:38.113 INFO [main] org.apache.catalina.startup.VersionLoggerListener.log 명령 행 아규먼트:  -Djava.io.tmpdir=C:\Users\1\Desktop\backend\jsp_project\temp
22-Nov-2025 11:20:38.113 INFO [main] org.apache.catalina.startup.VersionLoggerListener.log 명령 행 아규먼트:  -Djava.util.logging.config.file=C:\Users\1\Desktop\backend\jsp_project\conf\logging.properties
22-Nov-2025 11:20:38.113 INFO [main] org.apache.catalina.startup.VersionLoggerListener.log 명령 행 아규먼트:  -Djava.util.logging.manager=org.apache.juli.ClassLoaderLogManager
22-Nov-2025 11:20:38.113 INFO [main] org.apache.catalina.startup.VersionLoggerListener.log 명령 행 아규먼트:  -javaagent:C:\Program Files\JetBrains\IntelliJ IDEA Community Edition 2025.1\lib\idea_rt.jar=56031
22-Nov-2025 11:20:38.113 INFO [main] org.apache.catalina.startup.VersionLoggerListener.log 명령 행 아규먼트:  -Dfile.encoding=UTF-8
22-Nov-2025 11:20:38.113 INFO [main] org.apache.catalina.startup.VersionLoggerListener.log 명령 행 아규먼트:  -Dsun.stdout.encoding=UTF-8
22-Nov-2025 11:20:38.114 INFO [main] org.apache.catalina.startup.VersionLoggerListener.log 명령 행 아규먼트:  -Dsun.stderr.encoding=UTF-8
22-Nov-2025 11:20:38.132 INFO [main] org.apache.catalina.core.AprLifecycleListener.lifecycleEvent 프로덕션 환경들에서 최적의 성능을 제공하는, APR 기반 Apache Tomcat Native 라이브러리가, 다음 java.library.path에서 발견되지 않습니다: [C:\Users\1\.jdks\graalvm-jdk-21.0.8\bin;C:\WINDOWS\Sun\Java\bin;C:\WINDOWS\system32;C:\WINDOWS;C:\Program Files (x86)\VMware\VMware Workstation\bin\;C:\Program Files\Zulu\zulu-21\bin\;C:\app\1\product\21c\dbhomeXE\bin;C:\Program Files\Java\jdk-17\bin;C:\Program Files\Common Files\Oracle\Java\javapath;C:\Program Files (x86)\Common Files\Oracle\Java\javapath;C:\WINDOWS\system32;C:\WINDOWS;C:\WINDOWS\System32\Wbem;C:\WINDOWS\System32\WindowsPowerShell\v1.0\;C:\WINDOWS\System32\OpenSSH\;C:\Program Files\Bandizip\;C:\Program Files\dotnet\;C:\Program Files (x86)\NVIDIA Corporation\PhysX\Common;C:\Program Files\NVIDIA Corporation\NVIDIA NvDLISR;C:\Program Files\Docker\Docker\resources\bin;C:\Program Files\Git\cmd;C:\Program Files\nodejs\;C:\Users\1\AppData\Local\Programs\Python\Python313\Scripts\;C:\Users\1\AppData\Local\Programs\Python\Python313\;C:\Users\1\AppData\Local\Microsoft\WindowsApps;;C:\Users\1\AppData\Local\afreeca;C:\Users\1\AppData\Local\SOOP;C:\Users\1\AppData\Local\Programs\Microsoft VS Code\bin;C:\Program Files\JetBrains\IntelliJ IDEA 2024.3.5\bin;;C:\Program Files\JetBrains\IntelliJ IDEA Community Edition 2025.1\bin;;C:\Users\1\AppData\Roaming\npm;.]
22-Nov-2025 11:20:38.341 INFO [main] org.apache.coyote.AbstractProtocol.init 프로토콜 핸들러 ["http-nio-8030"]을(를) 초기화합니다.
22-Nov-2025 11:20:38.353 INFO [main] org.apache.catalina.startup.Catalina.load [458] 밀리초 내에 서버가 초기화되었습니다.
22-Nov-2025 11:20:38.401 INFO [main] org.apache.catalina.core.StandardService.startInternal 서비스 [Catalina]을(를) 시작합니다.
22-Nov-2025 11:20:38.401 INFO [main] org.apache.catalina.core.StandardEngine.startInternal 서버 엔진을 시작합니다: [Apache Tomcat/11.0.14]
22-Nov-2025 11:20:38.410 INFO [main] org.apache.catalina.startup.HostConfig.deployDescriptor 배치 descriptor [C:\Users\1\Desktop\backend\jsp_project\conf\Catalina\localhost\ROOT.xml]을(를) 배치합니다.
22-Nov-2025 11:20:38.712 INFO [main] org.apache.catalina.startup.HostConfig.deployDescriptor 배치 descriptor [C:\Users\1\Desktop\backend\jsp_project\conf\Catalina\localhost\ROOT.xml]의 배치가 [300] 밀리초 내에 완료되었습니다.
22-Nov-2025 11:20:38.716 INFO [main] org.apache.coyote.AbstractProtocol.start 프로토콜 핸들러 ["http-nio-8030"]을(를) 시작합니다.
22-Nov-2025 11:20:38.736 INFO [main] org.apache.catalina.startup.Catalina.start 서버가 [382] 밀리초 내에 시작되었습니다.
22-Nov-2025 11:26:34.140 INFO [Thread-1] org.apache.coyote.AbstractProtocol.pause 프로토콜 핸들러 ["http-nio-8030"]을(를) 일시 정지 중
22-Nov-2025 11:26:34.143 INFO [Thread-1] org.apache.catalina.core.StandardService.stopInternal 서비스 [Catalina]을(를) 중지시킵니다.
22-Nov-2025 11:26:34.151 INFO [Thread-1] org.apache.coyote.AbstractProtocol.stop 프로토콜 핸들러 ["http-nio-8030"]을(를) 중지시킵니다.
22-Nov-2025 11:26:34.154 INFO [Thread-1] org.apache.coyote.AbstractProtocol.destroy 프로토콜 핸들러 ["http-nio-8030"]을(를) 소멸시킵니다.
22-Nov-2025 11:26:35.358 INFO [main] org.apache.catalina.startup.VersionLoggerListener.log 서버 버전 이름:    Apache Tomcat/11.0.14
22-Nov-2025 11:26:35.361 INFO [main] org.apache.catalina.startup.VersionLoggerListener.log Server 빌드 시각:  Nov 5 2025 19:03:02 UTC
22-Nov-2025 11:26:35.361 INFO [main] org.apache.catalina.startup.VersionLoggerListener.log Server 버전 번호:  11.0.14.0
22-Nov-2025 11:26:35.361 INFO [main] org.apache.catalina.startup.VersionLoggerListener.log 운영체제 이름:     Windows 11
22-Nov-2025 11:26:35.361 INFO [main] org.apache.catalina.startup.VersionLoggerListener.log 운영체제 버전:     10.0
22-Nov-2025 11:26:35.361 INFO [main] org.apache.catalina.startup.VersionLoggerListener.log 아키텍처:          amd64
22-Nov-2025 11:26:35.361 INFO [main] org.apache.catalina.startup.VersionLoggerListener.log 자바 홈:           C:\Users\1\.jdks\graalvm-jdk-21.0.8
22-Nov-2025 11:26:35.361 INFO [main] org.apache.catalina.startup.VersionLoggerListener.log JVM 버전:          21.0.8+12-LTS-jvmci-23.1-b72
22-Nov-2025 11:26:35.361 INFO [main] org.apache.catalina.startup.VersionLoggerListener.log JVM 벤더:          Oracle Corporation
22-Nov-2025 11:26:35.361 INFO [main] org.apache.catalina.startup.VersionLoggerListener.log CATALINA_BASE:     C:\Users\1\Desktop\backend\jsp_project
22-Nov-2025 11:26:35.361 INFO [main] org.apache.catalina.startup.VersionLoggerListener.log CATALINA_HOME:     C:\Users\1\Desktop\backend\apache-tomcat-11.0.14
22-Nov-2025 11:26:35.369 INFO [main] org.apache.catalina.startup.VersionLoggerListener.log 명령 행 아규먼트:  -XX:ThreadPriorityPolicy=1
22-Nov-2025 11:26:35.369 INFO [main] org.apache.catalina.startup.VersionLoggerListener.log 명령 행 아규먼트:  -XX:+UnlockExperimentalVMOptions
22-Nov-2025 11:26:35.369 INFO [main] org.apache.catalina.startup.VersionLoggerListener.log 명령 행 아규먼트:  -XX:+EnableJVMCIProduct
22-Nov-2025 11:26:35.369 INFO [main] org.apache.catalina.startup.VersionLoggerListener.log 명령 행 아규먼트:  -XX:-UnlockExperimentalVMOptions
22-Nov-2025 11:26:35.369 INFO [main] org.apache.catalina.startup.VersionLoggerListener.log 명령 행 아규먼트:  --add-opens=java.base/java.lang=ALL-UNNAMED
22-Nov-2025 11:26:35.369 INFO [main] org.apache.catalina.startup.VersionLoggerListener.log 명령 행 아규먼트:  --add-opens=java.base/java.io=ALL-UNNAMED
22-Nov-2025 11:26:35.369 INFO [main] org.apache.catalina.startup.VersionLoggerListener.log 명령 행 아규먼트:  --add-opens=java.base/java.util=ALL-UNNAMED
22-Nov-2025 11:26:35.369 INFO [main] org.apache.catalina.startup.VersionLoggerListener.log 명령 행 아규먼트:  --add-opens=java.base/java.util.concurrent=ALL-UNNAMED
22-Nov-2025 11:26:35.369 INFO [main] org.apache.catalina.startup.VersionLoggerListener.log 명령 행 아규먼트:  --add-opens=java.rmi/sun.rmi.transport=ALL-UNNAMED
22-Nov-2025 11:26:35.369 INFO [main] org.apache.catalina.startup.VersionLoggerListener.log 명령 행 아규먼트:  -Dcatalina.home=C:\Users\1\Desktop\backend\apache-tomcat-11.0.14
22-Nov-2025 11:26:35.369 INFO [main] org.apache.catalina.startup.VersionLoggerListener.log 명령 행 아규먼트:  -Dcatalina.base=C:\Users\1\Desktop\backend\jsp_project
22-Nov-2025 11:26:35.369 INFO [main] org.apache.catalina.startup.VersionLoggerListener.log 명령 행 아규먼트:  -Djava.io.tmpdir=C:\Users\1\Desktop\backend\jsp_project\temp
22-Nov-2025 11:26:35.369 INFO [main] org.apache.catalina.startup.VersionLoggerListener.log 명령 행 아규먼트:  -Djava.util.logging.config.file=C:\Users\1\Desktop\backend\jsp_project\conf\logging.properties
22-Nov-2025 11:26:35.369 INFO [main] org.apache.catalina.startup.VersionLoggerListener.log 명령 행 아규먼트:  -Djava.util.logging.manager=org.apache.juli.ClassLoaderLogManager
22-Nov-2025 11:26:35.370 INFO [main] org.apache.catalina.startup.VersionLoggerListener.log 명령 행 아규먼트:  -javaagent:C:\Program Files\JetBrains\IntelliJ IDEA Community Edition 2025.1\lib\idea_rt.jar=54726
22-Nov-2025 11:26:35.370 INFO [main] org.apache.catalina.startup.VersionLoggerListener.log 명령 행 아규먼트:  -Dfile.encoding=UTF-8
22-Nov-2025 11:26:35.370 INFO [main] org.apache.catalina.startup.VersionLoggerListener.log 명령 행 아규먼트:  -Dsun.stdout.encoding=UTF-8
22-Nov-2025 11:26:35.370 INFO [main] org.apache.catalina.startup.VersionLoggerListener.log 명령 행 아규먼트:  -Dsun.stderr.encoding=UTF-8
22-Nov-2025 11:26:35.381 INFO [main] org.apache.catalina.core.AprLifecycleListener.lifecycleEvent 프로덕션 환경들에서 최적의 성능을 제공하는, APR 기반 Apache Tomcat Native 라이브러리가, 다음 java.library.path에서 발견되지 않습니다: [C:\Users\1\.jdks\graalvm-jdk-21.0.8\bin;C:\WINDOWS\Sun\Java\bin;C:\WINDOWS\system32;C:\WINDOWS;C:\Program Files (x86)\VMware\VMware Workstation\bin\;C:\Program Files\Zulu\zulu-21\bin\;C:\app\1\product\21c\dbhomeXE\bin;C:\Program Files\Java\jdk-17\bin;C:\Program Files\Common Files\Oracle\Java\javapath;C:\Program Files (x86)\Common Files\Oracle\Java\javapath;C:\WINDOWS\system32;C:\WINDOWS;C:\WINDOWS\System32\Wbem;C:\WINDOWS\System32\WindowsPowerShell\v1.0\;C:\WINDOWS\System32\OpenSSH\;C:\Program Files\Bandizip\;C:\Program Files\dotnet\;C:\Program Files (x86)\NVIDIA Corporation\PhysX\Common;C:\Program Files\NVIDIA Corporation\NVIDIA NvDLISR;C:\Program Files\Docker\Docker\resources\bin;C:\Program Files\Git\cmd;C:\Program Files\nodejs\;C:\Users\1\AppData\Local\Programs\Python\Python313\Scripts\;C:\Users\1\AppData\Local\Programs\Python\Python313\;C:\Users\1\AppData\Local\Microsoft\WindowsApps;;C:\Users\1\AppData\Local\afreeca;C:\Users\1\AppData\Local\SOOP;C:\Users\1\AppData\Local\Programs\Microsoft VS Code\bin;C:\Program Files\JetBrains\IntelliJ IDEA 2024.3.5\bin;;C:\Program Files\JetBrains\IntelliJ IDEA Community Edition 2025.1\bin;;C:\Users\1\AppData\Roaming\npm;.]
22-Nov-2025 11:26:35.549 INFO [main] org.apache.coyote.AbstractProtocol.init 프로토콜 핸들러 ["http-nio-8030"]을(를) 초기화합니다.
22-Nov-2025 11:26:35.560 INFO [main] org.apache.catalina.startup.Catalina.load [330] 밀리초 내에 서버가 초기화되었습니다.
22-Nov-2025 11:26:35.592 INFO [main] org.apache.catalina.core.StandardService.startInternal 서비스 [Catalina]을(를) 시작합니다.
22-Nov-2025 11:26:35.592 INFO [main] org.apache.catalina.core.StandardEngine.startInternal 서버 엔진을 시작합니다: [Apache Tomcat/11.0.14]
22-Nov-2025 11:26:35.600 INFO [main] org.apache.catalina.startup.HostConfig.deployDescriptor 배치 descriptor [C:\Users\1\Desktop\backend\jsp_project\conf\Catalina\localhost\ROOT.xml]을(를) 배치합니다.
22-Nov-2025 11:26:35.863 INFO [main] org.apache.catalina.startup.HostConfig.deployDescriptor 배치 descriptor [C:\Users\1\Desktop\backend\jsp_project\conf\Catalina\localhost\ROOT.xml]의 배치가 [261] 밀리초 내에 완료되었습니다.
22-Nov-2025 11:26:35.866 INFO [main] org.apache.coyote.AbstractProtocol.start 프로토콜 핸들러 ["http-nio-8030"]을(를) 시작합니다.
22-Nov-2025 11:26:35.886 INFO [main] org.apache.catalina.startup.Catalina.start 서버가 [325] 밀리초 내에 시작되었습니다.
22-Nov-2025 11:27:56.752 INFO [Thread-1] org.apache.coyote.AbstractProtocol.pause 프로토콜 핸들러 ["http-nio-8030"]을(를) 일시 정지 중
22-Nov-2025 11:27:56.756 INFO [Thread-1] org.apache.catalina.core.StandardService.stopInternal 서비스 [Catalina]을(를) 중지시킵니다.
22-Nov-2025 11:27:56.762 INFO [Thread-1] org.apache.coyote.AbstractProtocol.stop 프로토콜 핸들러 ["http-nio-8030"]을(를) 중지시킵니다.
22-Nov-2025 11:27:56.764 INFO [Thread-1] org.apache.coyote.AbstractProtocol.destroy 프로토콜 핸들러 ["http-nio-8030"]을(를) 소멸시킵니다.
22-Nov-2025 11:27:57.897 INFO [main] org.apache.catalina.startup.VersionLoggerListener.log 서버 버전 이름:    Apache Tomcat/11.0.14
22-Nov-2025 11:27:57.900 INFO [main] org.apache.catalina.startup.VersionLoggerListener.log Server 빌드 시각:  Nov 5 2025 19:03:02 UTC
22-Nov-2025 11:27:57.900 INFO [main] org.apache.catalina.startup.VersionLoggerListener.log Server 버전 번호:  11.0.14.0
22-Nov-2025 11:27:57.900 INFO [main] org.apache.catalina.startup.VersionLoggerListener.log 운영체제 이름:     Windows 11
22-Nov-2025 11:27:57.900 INFO [main] org.apache.catalina.startup.VersionLoggerListener.log 운영체제 버전:     10.0
22-Nov-2025 11:27:57.900 INFO [main] org.apache.catalina.startup.VersionLoggerListener.log 아키텍처:          amd64
22-Nov-2025 11:27:57.900 INFO [main] org.apache.catalina.startup.VersionLoggerListener.log 자바 홈:           C:\Users\1\.jdks\graalvm-jdk-21.0.8
22-Nov-2025 11:27:57.900 INFO [main] org.apache.catalina.startup.VersionLoggerListener.log JVM 버전:          21.0.8+12-LTS-jvmci-23.1-b72
22-Nov-2025 11:27:57.900 INFO [main] org.apache.catalina.startup.VersionLoggerListener.log JVM 벤더:          Oracle Corporation
22-Nov-2025 11:27:57.900 INFO [main] org.apache.catalina.startup.VersionLoggerListener.log CATALINA_BASE:     C:\Users\1\Desktop\backend\jsp_project
22-Nov-2025 11:27:57.901 INFO [main] org.apache.catalina.startup.VersionLoggerListener.log CATALINA_HOME:     C:\Users\1\Desktop\backend\apache-tomcat-11.0.14
22-Nov-2025 11:27:57.908 INFO [main] org.apache.catalina.startup.VersionLoggerListener.log 명령 행 아규먼트:  -XX:ThreadPriorityPolicy=1
22-Nov-2025 11:27:57.908 INFO [main] org.apache.catalina.startup.VersionLoggerListener.log 명령 행 아규먼트:  -XX:+UnlockExperimentalVMOptions
22-Nov-2025 11:27:57.908 INFO [main] org.apache.catalina.startup.VersionLoggerListener.log 명령 행 아규먼트:  -XX:+EnableJVMCIProduct
22-Nov-2025 11:27:57.908 INFO [main] org.apache.catalina.startup.VersionLoggerListener.log 명령 행 아규먼트:  -XX:-UnlockExperimentalVMOptions
22-Nov-2025 11:27:57.908 INFO [main] org.apache.catalina.startup.VersionLoggerListener.log 명령 행 아규먼트:  --add-opens=java.base/java.lang=ALL-UNNAMED
22-Nov-2025 11:27:57.908 INFO [main] org.apache.catalina.startup.VersionLoggerListener.log 명령 행 아규먼트:  --add-opens=java.base/java.io=ALL-UNNAMED
22-Nov-2025 11:27:57.908 INFO [main] org.apache.catalina.startup.VersionLoggerListener.log 명령 행 아규먼트:  --add-opens=java.base/java.util=ALL-UNNAMED
22-Nov-2025 11:27:57.908 INFO [main] org.apache.catalina.startup.VersionLoggerListener.log 명령 행 아규먼트:  --add-opens=java.base/java.util.concurrent=ALL-UNNAMED
22-Nov-2025 11:27:57.909 INFO [main] org.apache.catalina.startup.VersionLoggerListener.log 명령 행 아규먼트:  --add-opens=java.rmi/sun.rmi.transport=ALL-UNNAMED
22-Nov-2025 11:27:57.909 INFO [main] org.apache.catalina.startup.VersionLoggerListener.log 명령 행 아규먼트:  -Dcatalina.home=C:\Users\1\Desktop\backend\apache-tomcat-11.0.14
22-Nov-2025 11:27:57.909 INFO [main] org.apache.catalina.startup.VersionLoggerListener.log 명령 행 아규먼트:  -Dcatalina.base=C:\Users\1\Desktop\backend\jsp_project
22-Nov-2025 11:27:57.909 INFO [main] org.apache.catalina.startup.VersionLoggerListener.log 명령 행 아규먼트:  -Djava.io.tmpdir=C:\Users\1\Desktop\backend\jsp_project\temp
22-Nov-2025 11:27:57.909 INFO [main] org.apache.catalina.startup.VersionLoggerListener.log 명령 행 아규먼트:  -Djava.util.logging.config.file=C:\Users\1\Desktop\backend\jsp_project\conf\logging.properties
22-Nov-2025 11:27:57.909 INFO [main] org.apache.catalina.startup.VersionLoggerListener.log 명령 행 아규먼트:  -Djava.util.logging.manager=org.apache.juli.ClassLoaderLogManager
22-Nov-2025 11:27:57.909 INFO [main] org.apache.catalina.startup.VersionLoggerListener.log 명령 행 아규먼트:  -javaagent:C:\Program Files\JetBrains\IntelliJ IDEA Community Edition 2025.1\lib\idea_rt.jar=65436
22-Nov-2025 11:27:57.909 INFO [main] org.apache.catalina.startup.VersionLoggerListener.log 명령 행 아규먼트:  -Dfile.encoding=UTF-8
22-Nov-2025 11:27:57.909 INFO [main] org.apache.catalina.startup.VersionLoggerListener.log 명령 행 아규먼트:  -Dsun.stdout.encoding=UTF-8
22-Nov-2025 11:27:57.910 INFO [main] org.apache.catalina.startup.VersionLoggerListener.log 명령 행 아규먼트:  -Dsun.stderr.encoding=UTF-8
22-Nov-2025 11:27:57.924 INFO [main] org.apache.catalina.core.AprLifecycleListener.lifecycleEvent 프로덕션 환경들에서 최적의 성능을 제공하는, APR 기반 Apache Tomcat Native 라이브러리가, 다음 java.library.path에서 발견되지 않습니다: [C:\Users\1\.jdks\graalvm-jdk-21.0.8\bin;C:\WINDOWS\Sun\Java\bin;C:\WINDOWS\system32;C:\WINDOWS;C:\Program Files (x86)\VMware\VMware Workstation\bin\;C:\Program Files\Zulu\zulu-21\bin\;C:\app\1\product\21c\dbhomeXE\bin;C:\Program Files\Java\jdk-17\bin;C:\Program Files\Common Files\Oracle\Java\javapath;C:\Program Files (x86)\Common Files\Oracle\Java\javapath;C:\WINDOWS\system32;C:\WINDOWS;C:\WINDOWS\System32\Wbem;C:\WINDOWS\System32\WindowsPowerShell\v1.0\;C:\WINDOWS\System32\OpenSSH\;C:\Program Files\Bandizip\;C:\Program Files\dotnet\;C:\Program Files (x86)\NVIDIA Corporation\PhysX\Common;C:\Program Files\NVIDIA Corporation\NVIDIA NvDLISR;C:\Program Files\Docker\Docker\resources\bin;C:\Program Files\Git\cmd;C:\Program Files\nodejs\;C:\Users\1\AppData\Local\Programs\Python\Python313\Scripts\;C:\Users\1\AppData\Local\Programs\Python\Python313\;C:\Users\1\AppData\Local\Microsoft\WindowsApps;;C:\Users\1\AppData\Local\afreeca;C:\Users\1\AppData\Local\SOOP;C:\Users\1\AppData\Local\Programs\Microsoft VS Code\bin;C:\Program Files\JetBrains\IntelliJ IDEA 2024.3.5\bin;;C:\Program Files\JetBrains\IntelliJ IDEA Community Edition 2025.1\bin;;C:\Users\1\AppData\Roaming\npm;.]
22-Nov-2025 11:27:58.095 INFO [main] org.apache.coyote.AbstractProtocol.init 프로토콜 핸들러 ["http-nio-8030"]을(를) 초기화합니다.
22-Nov-2025 11:27:58.106 INFO [main] org.apache.catalina.startup.Catalina.load [355] 밀리초 내에 서버가 초기화되었습니다.
22-Nov-2025 11:27:58.136 INFO [main] org.apache.catalina.core.StandardService.startInternal 서비스 [Catalina]을(를) 시작합니다.
22-Nov-2025 11:27:58.136 INFO [main] org.apache.catalina.core.StandardEngine.startInternal 서버 엔진을 시작합니다: [Apache Tomcat/11.0.14]
22-Nov-2025 11:27:58.143 INFO [main] org.apache.catalina.startup.HostConfig.deployDescriptor 배치 descriptor [C:\Users\1\Desktop\backend\jsp_project\conf\Catalina\localhost\ROOT.xml]을(를) 배치합니다.
22-Nov-2025 11:27:58.403 INFO [main] org.apache.catalina.startup.HostConfig.deployDescriptor 배치 descriptor [C:\Users\1\Desktop\backend\jsp_project\conf\Catalina\localhost\ROOT.xml]의 배치가 [259] 밀리초 내에 완료되었습니다.
22-Nov-2025 11:27:58.406 INFO [main] org.apache.coyote.AbstractProtocol.start 프로토콜 핸들러 ["http-nio-8030"]을(를) 시작합니다.
22-Nov-2025 11:27:58.425 INFO [main] org.apache.catalina.startup.Catalina.start 서버가 [318] 밀리초 내에 시작되었습니다.
22-Nov-2025 11:32:05.876 INFO [Thread-1] org.apache.coyote.AbstractProtocol.pause 프로토콜 핸들러 ["http-nio-8030"]을(를) 일시 정지 중
22-Nov-2025 11:32:05.879 INFO [Thread-1] org.apache.catalina.core.StandardService.stopInternal 서비스 [Catalina]을(를) 중지시킵니다.
22-Nov-2025 11:32:05.885 INFO [Thread-1] org.apache.coyote.AbstractProtocol.stop 프로토콜 핸들러 ["http-nio-8030"]을(를) 중지시킵니다.
22-Nov-2025 11:32:05.888 INFO [Thread-1] org.apache.coyote.AbstractProtocol.destroy 프로토콜 핸들러 ["http-nio-8030"]을(를) 소멸시킵니다.
22-Nov-2025 11:32:07.062 INFO [main] org.apache.catalina.startup.VersionLoggerListener.log 서버 버전 이름:    Apache Tomcat/11.0.14
22-Nov-2025 11:32:07.065 INFO [main] org.apache.catalina.startup.VersionLoggerListener.log Server 빌드 시각:  Nov 5 2025 19:03:02 UTC
22-Nov-2025 11:32:07.065 INFO [main] org.apache.catalina.startup.VersionLoggerListener.log Server 버전 번호:  11.0.14.0
22-Nov-2025 11:32:07.065 INFO [main] org.apache.catalina.startup.VersionLoggerListener.log 운영체제 이름:     Windows 11
22-Nov-2025 11:32:07.065 INFO [main] org.apache.catalina.startup.VersionLoggerListener.log 운영체제 버전:     10.0
22-Nov-2025 11:32:07.065 INFO [main] org.apache.catalina.startup.VersionLoggerListener.log 아키텍처:          amd64
22-Nov-2025 11:32:07.065 INFO [main] org.apache.catalina.startup.VersionLoggerListener.log 자바 홈:           C:\Users\1\.jdks\graalvm-jdk-21.0.8
22-Nov-2025 11:32:07.065 INFO [main] org.apache.catalina.startup.VersionLoggerListener.log JVM 버전:          21.0.8+12-LTS-jvmci-23.1-b72
22-Nov-2025 11:32:07.065 INFO [main] org.apache.catalina.startup.VersionLoggerListener.log JVM 벤더:          Oracle Corporation
22-Nov-2025 11:32:07.065 INFO [main] org.apache.catalina.startup.VersionLoggerListener.log CATALINA_BASE:     C:\Users\1\Desktop\backend\jsp_project
22-Nov-2025 11:32:07.065 INFO [main] org.apache.catalina.startup.VersionLoggerListener.log CATALINA_HOME:     C:\Users\1\Desktop\backend\apache-tomcat-11.0.14
22-Nov-2025 11:32:07.073 INFO [main] org.apache.catalina.startup.VersionLoggerListener.log 명령 행 아규먼트:  -XX:ThreadPriorityPolicy=1
22-Nov-2025 11:32:07.073 INFO [main] org.apache.catalina.startup.VersionLoggerListener.log 명령 행 아규먼트:  -XX:+UnlockExperimentalVMOptions
22-Nov-2025 11:32:07.073 INFO [main] org.apache.catalina.startup.VersionLoggerListener.log 명령 행 아규먼트:  -XX:+EnableJVMCIProduct
22-Nov-2025 11:32:07.073 INFO [main] org.apache.catalina.startup.VersionLoggerListener.log 명령 행 아규먼트:  -XX:-UnlockExperimentalVMOptions
22-Nov-2025 11:32:07.073 INFO [main] org.apache.catalina.startup.VersionLoggerListener.log 명령 행 아규먼트:  --add-opens=java.base/java.lang=ALL-UNNAMED
22-Nov-2025 11:32:07.073 INFO [main] org.apache.catalina.startup.VersionLoggerListener.log 명령 행 아규먼트:  --add-opens=java.base/java.io=ALL-UNNAMED
22-Nov-2025 11:32:07.074 INFO [main] org.apache.catalina.startup.VersionLoggerListener.log 명령 행 아규먼트:  --add-opens=java.base/java.util=ALL-UNNAMED
22-Nov-2025 11:32:07.074 INFO [main] org.apache.catalina.startup.VersionLoggerListener.log 명령 행 아규먼트:  --add-opens=java.base/java.util.concurrent=ALL-UNNAMED
22-Nov-2025 11:32:07.074 INFO [main] org.apache.catalina.startup.VersionLoggerListener.log 명령 행 아규먼트:  --add-opens=java.rmi/sun.rmi.transport=ALL-UNNAMED
22-Nov-2025 11:32:07.074 INFO [main] org.apache.catalina.startup.VersionLoggerListener.log 명령 행 아규먼트:  -Dcatalina.home=C:\Users\1\Desktop\backend\apache-tomcat-11.0.14
22-Nov-2025 11:32:07.074 INFO [main] org.apache.catalina.startup.VersionLoggerListener.log 명령 행 아규먼트:  -Dcatalina.base=C:\Users\1\Desktop\backend\jsp_project
22-Nov-2025 11:32:07.074 INFO [main] org.apache.catalina.startup.VersionLoggerListener.log 명령 행 아규먼트:  -Djava.io.tmpdir=C:\Users\1\Desktop\backend\jsp_project\temp
22-Nov-2025 11:32:07.074 INFO [main] org.apache.catalina.startup.VersionLoggerListener.log 명령 행 아규먼트:  -Djava.util.logging.config.file=C:\Users\1\Desktop\backend\jsp_project\conf\logging.properties
22-Nov-2025 11:32:07.074 INFO [main] org.apache.catalina.startup.VersionLoggerListener.log 명령 행 아규먼트:  -Djava.util.logging.manager=org.apache.juli.ClassLoaderLogManager
22-Nov-2025 11:32:07.074 INFO [main] org.apache.catalina.startup.VersionLoggerListener.log 명령 행 아규먼트:  -javaagent:C:\Program Files\JetBrains\IntelliJ IDEA Community Edition 2025.1\lib\idea_rt.jar=49583
22-Nov-2025 11:32:07.074 INFO [main] org.apache.catalina.startup.VersionLoggerListener.log 명령 행 아규먼트:  -Dfile.encoding=UTF-8
22-Nov-2025 11:32:07.074 INFO [main] org.apache.catalina.startup.VersionLoggerListener.log 명령 행 아규먼트:  -Dsun.stdout.encoding=UTF-8
22-Nov-2025 11:32:07.075 INFO [main] org.apache.catalina.startup.VersionLoggerListener.log 명령 행 아규먼트:  -Dsun.stderr.encoding=UTF-8
22-Nov-2025 11:32:07.085 INFO [main] org.apache.catalina.core.AprLifecycleListener.lifecycleEvent 프로덕션 환경들에서 최적의 성능을 제공하는, APR 기반 Apache Tomcat Native 라이브러리가, 다음 java.library.path에서 발견되지 않습니다: [C:\Users\1\.jdks\graalvm-jdk-21.0.8\bin;C:\WINDOWS\Sun\Java\bin;C:\WINDOWS\system32;C:\WINDOWS;C:\Program Files (x86)\VMware\VMware Workstation\bin\;C:\Program Files\Zulu\zulu-21\bin\;C:\app\1\product\21c\dbhomeXE\bin;C:\Program Files\Java\jdk-17\bin;C:\Program Files\Common Files\Oracle\Java\javapath;C:\Program Files (x86)\Common Files\Oracle\Java\javapath;C:\WINDOWS\system32;C:\WINDOWS;C:\WINDOWS\System32\Wbem;C:\WINDOWS\System32\WindowsPowerShell\v1.0\;C:\WINDOWS\System32\OpenSSH\;C:\Program Files\Bandizip\;C:\Program Files\dotnet\;C:\Program Files (x86)\NVIDIA Corporation\PhysX\Common;C:\Program Files\NVIDIA Corporation\NVIDIA NvDLISR;C:\Program Files\Docker\Docker\resources\bin;C:\Program Files\Git\cmd;C:\Program Files\nodejs\;C:\Users\1\AppData\Local\Programs\Python\Python313\Scripts\;C:\Users\1\AppData\Local\Programs\Python\Python313\;C:\Users\1\AppData\Local\Microsoft\WindowsApps;;C:\Users\1\AppData\Local\afreeca;C:\Users\1\AppData\Local\SOOP;C:\Users\1\AppData\Local\Programs\Microsoft VS Code\bin;C:\Program Files\JetBrains\IntelliJ IDEA 2024.3.5\bin;;C:\Program Files\JetBrains\IntelliJ IDEA Community Edition 2025.1\bin;;C:\Users\1\AppData\Roaming\npm;.]
22-Nov-2025 11:32:07.241 INFO [main] org.apache.coyote.AbstractProtocol.init 프로토콜 핸들러 ["http-nio-8030"]을(를) 초기화합니다.
22-Nov-2025 11:32:07.255 INFO [main] org.apache.catalina.startup.Catalina.load [320] 밀리초 내에 서버가 초기화되었습니다.
22-Nov-2025 11:32:07.287 INFO [main] org.apache.catalina.core.StandardService.startInternal 서비스 [Catalina]을(를) 시작합니다.
22-Nov-2025 11:32:07.287 INFO [main] org.apache.catalina.core.StandardEngine.startInternal 서버 엔진을 시작합니다: [Apache Tomcat/11.0.14]
22-Nov-2025 11:32:07.294 INFO [main] org.apache.catalina.startup.HostConfig.deployDescriptor 배치 descriptor [C:\Users\1\Desktop\backend\jsp_project\conf\Catalina\localhost\ROOT.xml]을(를) 배치합니다.
22-Nov-2025 11:32:07.554 INFO [main] org.apache.catalina.startup.HostConfig.deployDescriptor 배치 descriptor [C:\Users\1\Desktop\backend\jsp_project\conf\Catalina\localhost\ROOT.xml]의 배치가 [258] 밀리초 내에 완료되었습니다.
22-Nov-2025 11:32:07.559 INFO [main] org.apache.coyote.AbstractProtocol.start 프로토콜 핸들러 ["http-nio-8030"]을(를) 시작합니다.
22-Nov-2025 11:32:07.580 INFO [main] org.apache.catalina.startup.Catalina.start 서버가 [323] 밀리초 내에 시작되었습니다.
22-Nov-2025 11:38:27.675 INFO [Thread-1] org.apache.coyote.AbstractProtocol.pause 프로토콜 핸들러 ["http-nio-8030"]을(를) 일시 정지 중
22-Nov-2025 11:38:27.678 INFO [Thread-1] org.apache.catalina.core.StandardService.stopInternal 서비스 [Catalina]을(를) 중지시킵니다.
22-Nov-2025 11:38:27.684 INFO [Thread-1] org.apache.coyote.AbstractProtocol.stop 프로토콜 핸들러 ["http-nio-8030"]을(를) 중지시킵니다.
22-Nov-2025 11:38:27.686 INFO [Thread-1] org.apache.coyote.AbstractProtocol.destroy 프로토콜 핸들러 ["http-nio-8030"]을(를) 소멸시킵니다.
22-Nov-2025 11:38:28.803 INFO [main] org.apache.catalina.startup.VersionLoggerListener.log 서버 버전 이름:    Apache Tomcat/11.0.14
22-Nov-2025 11:38:28.806 INFO [main] org.apache.catalina.startup.VersionLoggerListener.log Server 빌드 시각:  Nov 5 2025 19:03:02 UTC
22-Nov-2025 11:38:28.806 INFO [main] org.apache.catalina.startup.VersionLoggerListener.log Server 버전 번호:  11.0.14.0
22-Nov-2025 11:38:28.806 INFO [main] org.apache.catalina.startup.VersionLoggerListener.log 운영체제 이름:     Windows 11
22-Nov-2025 11:38:28.806 INFO [main] org.apache.catalina.startup.VersionLoggerListener.log 운영체제 버전:     10.0
22-Nov-2025 11:38:28.806 INFO [main] org.apache.catalina.startup.VersionLoggerListener.log 아키텍처:          amd64
22-Nov-2025 11:38:28.806 INFO [main] org.apache.catalina.startup.VersionLoggerListener.log 자바 홈:           C:\Users\1\.jdks\graalvm-jdk-21.0.8
22-Nov-2025 11:38:28.806 INFO [main] org.apache.catalina.startup.VersionLoggerListener.log JVM 버전:          21.0.8+12-LTS-jvmci-23.1-b72
22-Nov-2025 11:38:28.806 INFO [main] org.apache.catalina.startup.VersionLoggerListener.log JVM 벤더:          Oracle Corporation
22-Nov-2025 11:38:28.808 INFO [main] org.apache.catalina.startup.VersionLoggerListener.log CATALINA_BASE:     C:\Users\1\Desktop\backend\jsp_project
22-Nov-2025 11:38:28.808 INFO [main] org.apache.catalina.startup.VersionLoggerListener.log CATALINA_HOME:     C:\Users\1\Desktop\backend\apache-tomcat-11.0.14
22-Nov-2025 11:38:28.814 INFO [main] org.apache.catalina.startup.VersionLoggerListener.log 명령 행 아규먼트:  -XX:ThreadPriorityPolicy=1
22-Nov-2025 11:38:28.814 INFO [main] org.apache.catalina.startup.VersionLoggerListener.log 명령 행 아규먼트:  -XX:+UnlockExperimentalVMOptions
22-Nov-2025 11:38:28.814 INFO [main] org.apache.catalina.startup.VersionLoggerListener.log 명령 행 아규먼트:  -XX:+EnableJVMCIProduct
22-Nov-2025 11:38:28.814 INFO [main] org.apache.catalina.startup.VersionLoggerListener.log 명령 행 아규먼트:  -XX:-UnlockExperimentalVMOptions
22-Nov-2025 11:38:28.814 INFO [main] org.apache.catalina.startup.VersionLoggerListener.log 명령 행 아규먼트:  --add-opens=java.base/java.lang=ALL-UNNAMED
22-Nov-2025 11:38:28.814 INFO [main] org.apache.catalina.startup.VersionLoggerListener.log 명령 행 아규먼트:  --add-opens=java.base/java.io=ALL-UNNAMED
22-Nov-2025 11:38:28.814 INFO [main] org.apache.catalina.startup.VersionLoggerListener.log 명령 행 아규먼트:  --add-opens=java.base/java.util=ALL-UNNAMED
22-Nov-2025 11:38:28.815 INFO [main] org.apache.catalina.startup.VersionLoggerListener.log 명령 행 아규먼트:  --add-opens=java.base/java.util.concurrent=ALL-UNNAMED
22-Nov-2025 11:38:28.815 INFO [main] org.apache.catalina.startup.VersionLoggerListener.log 명령 행 아규먼트:  --add-opens=java.rmi/sun.rmi.transport=ALL-UNNAMED
22-Nov-2025 11:38:28.815 INFO [main] org.apache.catalina.startup.VersionLoggerListener.log 명령 행 아규먼트:  -Dcatalina.home=C:\Users\1\Desktop\backend\apache-tomcat-11.0.14
22-Nov-2025 11:38:28.815 INFO [main] org.apache.catalina.startup.VersionLoggerListener.log 명령 행 아규먼트:  -Dcatalina.base=C:\Users\1\Desktop\backend\jsp_project
22-Nov-2025 11:38:28.815 INFO [main] org.apache.catalina.startup.VersionLoggerListener.log 명령 행 아규먼트:  -Djava.io.tmpdir=C:\Users\1\Desktop\backend\jsp_project\temp
22-Nov-2025 11:38:28.815 INFO [main] org.apache.catalina.startup.VersionLoggerListener.log 명령 행 아규먼트:  -Djava.util.logging.config.file=C:\Users\1\Desktop\backend\jsp_project\conf\logging.properties
22-Nov-2025 11:38:28.815 INFO [main] org.apache.catalina.startup.VersionLoggerListener.log 명령 행 아규먼트:  -Djava.util.logging.manager=org.apache.juli.ClassLoaderLogManager
22-Nov-2025 11:38:28.816 INFO [main] org.apache.catalina.startup.VersionLoggerListener.log 명령 행 아규먼트:  -javaagent:C:\Program Files\JetBrains\IntelliJ IDEA Community Edition 2025.1\lib\idea_rt.jar=59372
22-Nov-2025 11:38:28.816 INFO [main] org.apache.catalina.startup.VersionLoggerListener.log 명령 행 아규먼트:  -Dfile.encoding=UTF-8
22-Nov-2025 11:38:28.816 INFO [main] org.apache.catalina.startup.VersionLoggerListener.log 명령 행 아규먼트:  -Dsun.stdout.encoding=UTF-8
22-Nov-2025 11:38:28.816 INFO [main] org.apache.catalina.startup.VersionLoggerListener.log 명령 행 아규먼트:  -Dsun.stderr.encoding=UTF-8
22-Nov-2025 11:38:28.828 INFO [main] org.apache.catalina.core.AprLifecycleListener.lifecycleEvent 프로덕션 환경들에서 최적의 성능을 제공하는, APR 기반 Apache Tomcat Native 라이브러리가, 다음 java.library.path에서 발견되지 않습니다: [C:\Users\1\.jdks\graalvm-jdk-21.0.8\bin;C:\WINDOWS\Sun\Java\bin;C:\WINDOWS\system32;C:\WINDOWS;C:\Program Files (x86)\VMware\VMware Workstation\bin\;C:\Program Files\Zulu\zulu-21\bin\;C:\app\1\product\21c\dbhomeXE\bin;C:\Program Files\Java\jdk-17\bin;C:\Program Files\Common Files\Oracle\Java\javapath;C:\Program Files (x86)\Common Files\Oracle\Java\javapath;C:\WINDOWS\system32;C:\WINDOWS;C:\WINDOWS\System32\Wbem;C:\WINDOWS\System32\WindowsPowerShell\v1.0\;C:\WINDOWS\System32\OpenSSH\;C:\Program Files\Bandizip\;C:\Program Files\dotnet\;C:\Program Files (x86)\NVIDIA Corporation\PhysX\Common;C:\Program Files\NVIDIA Corporation\NVIDIA NvDLISR;C:\Program Files\Docker\Docker\resources\bin;C:\Program Files\Git\cmd;C:\Program Files\nodejs\;C:\Users\1\AppData\Local\Programs\Python\Python313\Scripts\;C:\Users\1\AppData\Local\Programs\Python\Python313\;C:\Users\1\AppData\Local\Microsoft\WindowsApps;;C:\Users\1\AppData\Local\afreeca;C:\Users\1\AppData\Local\SOOP;C:\Users\1\AppData\Local\Programs\Microsoft VS Code\bin;C:\Program Files\JetBrains\IntelliJ IDEA 2024.3.5\bin;;C:\Program Files\JetBrains\IntelliJ IDEA Community Edition 2025.1\bin;;C:\Users\1\AppData\Roaming\npm;.]
22-Nov-2025 11:38:28.971 INFO [main] org.apache.coyote.AbstractProtocol.init 프로토콜 핸들러 ["http-nio-8030"]을(를) 초기화합니다.
22-Nov-2025 11:38:28.980 INFO [main] org.apache.catalina.startup.Catalina.load [302] 밀리초 내에 서버가 초기화되었습니다.
22-Nov-2025 11:38:29.007 INFO [main] org.apache.catalina.core.StandardService.startInternal 서비스 [Catalina]을(를) 시작합니다.
22-Nov-2025 11:38:29.007 INFO [main] org.apache.catalina.core.StandardEngine.startInternal 서버 엔진을 시작합니다: [Apache Tomcat/11.0.14]
22-Nov-2025 11:38:29.015 INFO [main] org.apache.catalina.startup.HostConfig.deployDescriptor 배치 descriptor [C:\Users\1\Desktop\backend\jsp_project\conf\Catalina\localhost\ROOT.xml]을(를) 배치합니다.
22-Nov-2025 11:38:29.299 INFO [main] org.apache.catalina.startup.HostConfig.deployDescriptor 배치 descriptor [C:\Users\1\Desktop\backend\jsp_project\conf\Catalina\localhost\ROOT.xml]의 배치가 [282] 밀리초 내에 완료되었습니다.
22-Nov-2025 11:38:29.302 INFO [main] org.apache.coyote.AbstractProtocol.start 프로토콜 핸들러 ["http-nio-8030"]을(를) 시작합니다.
22-Nov-2025 11:38:29.320 INFO [main] org.apache.catalina.startup.Catalina.start 서버가 [339] 밀리초 내에 시작되었습니다.
22-Nov-2025 11:38:58.787 INFO [Thread-1] org.apache.coyote.AbstractProtocol.pause 프로토콜 핸들러 ["http-nio-8030"]을(를) 일시 정지 중
22-Nov-2025 11:38:58.790 INFO [Thread-1] org.apache.catalina.core.StandardService.stopInternal 서비스 [Catalina]을(를) 중지시킵니다.
22-Nov-2025 11:38:58.795 INFO [Thread-1] org.apache.coyote.AbstractProtocol.stop 프로토콜 핸들러 ["http-nio-8030"]을(를) 중지시킵니다.
22-Nov-2025 11:38:58.799 INFO [Thread-1] org.apache.coyote.AbstractProtocol.destroy 프로토콜 핸들러 ["http-nio-8030"]을(를) 소멸시킵니다.
22-Nov-2025 11:38:59.915 INFO [main] org.apache.catalina.startup.VersionLoggerListener.log 서버 버전 이름:    Apache Tomcat/11.0.14
22-Nov-2025 11:38:59.918 INFO [main] org.apache.catalina.startup.VersionLoggerListener.log Server 빌드 시각:  Nov 5 2025 19:03:02 UTC
22-Nov-2025 11:38:59.918 INFO [main] org.apache.catalina.startup.VersionLoggerListener.log Server 버전 번호:  11.0.14.0
22-Nov-2025 11:38:59.918 INFO [main] org.apache.catalina.startup.VersionLoggerListener.log 운영체제 이름:     Windows 11
22-Nov-2025 11:38:59.918 INFO [main] org.apache.catalina.startup.VersionLoggerListener.log 운영체제 버전:     10.0
22-Nov-2025 11:38:59.919 INFO [main] org.apache.catalina.startup.VersionLoggerListener.log 아키텍처:          amd64
22-Nov-2025 11:38:59.919 INFO [main] org.apache.catalina.startup.VersionLoggerListener.log 자바 홈:           C:\Users\1\.jdks\graalvm-jdk-21.0.8
22-Nov-2025 11:38:59.919 INFO [main] org.apache.catalina.startup.VersionLoggerListener.log JVM 버전:          21.0.8+12-LTS-jvmci-23.1-b72
22-Nov-2025 11:38:59.919 INFO [main] org.apache.catalina.startup.VersionLoggerListener.log JVM 벤더:          Oracle Corporation
22-Nov-2025 11:38:59.919 INFO [main] org.apache.catalina.startup.VersionLoggerListener.log CATALINA_BASE:     C:\Users\1\Desktop\backend\jsp_project
22-Nov-2025 11:38:59.919 INFO [main] org.apache.catalina.startup.VersionLoggerListener.log CATALINA_HOME:     C:\Users\1\Desktop\backend\apache-tomcat-11.0.14
22-Nov-2025 11:38:59.926 INFO [main] org.apache.catalina.startup.VersionLoggerListener.log 명령 행 아규먼트:  -XX:ThreadPriorityPolicy=1
22-Nov-2025 11:38:59.926 INFO [main] org.apache.catalina.startup.VersionLoggerListener.log 명령 행 아규먼트:  -XX:+UnlockExperimentalVMOptions
22-Nov-2025 11:38:59.926 INFO [main] org.apache.catalina.startup.VersionLoggerListener.log 명령 행 아규먼트:  -XX:+EnableJVMCIProduct
22-Nov-2025 11:38:59.926 INFO [main] org.apache.catalina.startup.VersionLoggerListener.log 명령 행 아규먼트:  -XX:-UnlockExperimentalVMOptions
22-Nov-2025 11:38:59.926 INFO [main] org.apache.catalina.startup.VersionLoggerListener.log 명령 행 아규먼트:  --add-opens=java.base/java.lang=ALL-UNNAMED
22-Nov-2025 11:38:59.927 INFO [main] org.apache.catalina.startup.VersionLoggerListener.log 명령 행 아규먼트:  --add-opens=java.base/java.io=ALL-UNNAMED
22-Nov-2025 11:38:59.927 INFO [main] org.apache.catalina.startup.VersionLoggerListener.log 명령 행 아규먼트:  --add-opens=java.base/java.util=ALL-UNNAMED
22-Nov-2025 11:38:59.927 INFO [main] org.apache.catalina.startup.VersionLoggerListener.log 명령 행 아규먼트:  --add-opens=java.base/java.util.concurrent=ALL-UNNAMED
22-Nov-2025 11:38:59.927 INFO [main] org.apache.catalina.startup.VersionLoggerListener.log 명령 행 아규먼트:  --add-opens=java.rmi/sun.rmi.transport=ALL-UNNAMED
22-Nov-2025 11:38:59.927 INFO [main] org.apache.catalina.startup.VersionLoggerListener.log 명령 행 아규먼트:  -Dcatalina.home=C:\Users\1\Desktop\backend\apache-tomcat-11.0.14
22-Nov-2025 11:38:59.927 INFO [main] org.apache.catalina.startup.VersionLoggerListener.log 명령 행 아규먼트:  -Dcatalina.base=C:\Users\1\Desktop\backend\jsp_project
22-Nov-2025 11:38:59.927 INFO [main] org.apache.catalina.startup.VersionLoggerListener.log 명령 행 아규먼트:  -Djava.io.tmpdir=C:\Users\1\Desktop\backend\jsp_project\temp
22-Nov-2025 11:38:59.927 INFO [main] org.apache.catalina.startup.VersionLoggerListener.log 명령 행 아규먼트:  -Djava.util.logging.config.file=C:\Users\1\Desktop\backend\jsp_project\conf\logging.properties
22-Nov-2025 11:38:59.927 INFO [main] org.apache.catalina.startup.VersionLoggerListener.log 명령 행 아규먼트:  -Djava.util.logging.manager=org.apache.juli.ClassLoaderLogManager
22-Nov-2025 11:38:59.927 INFO [main] org.apache.catalina.startup.VersionLoggerListener.log 명령 행 아규먼트:  -javaagent:C:\Program Files\JetBrains\IntelliJ IDEA Community Edition 2025.1\lib\idea_rt.jar=64653
22-Nov-2025 11:38:59.927 INFO [main] org.apache.catalina.startup.VersionLoggerListener.log 명령 행 아규먼트:  -Dfile.encoding=UTF-8
22-Nov-2025 11:38:59.927 INFO [main] org.apache.catalina.startup.VersionLoggerListener.log 명령 행 아규먼트:  -Dsun.stdout.encoding=UTF-8
22-Nov-2025 11:38:59.928 INFO [main] org.apache.catalina.startup.VersionLoggerListener.log 명령 행 아규먼트:  -Dsun.stderr.encoding=UTF-8
22-Nov-2025 11:38:59.940 INFO [main] org.apache.catalina.core.AprLifecycleListener.lifecycleEvent 프로덕션 환경들에서 최적의 성능을 제공하는, APR 기반 Apache Tomcat Native 라이브러리가, 다음 java.library.path에서 발견되지 않습니다: [C:\Users\1\.jdks\graalvm-jdk-21.0.8\bin;C:\WINDOWS\Sun\Java\bin;C:\WINDOWS\system32;C:\WINDOWS;C:\Program Files (x86)\VMware\VMware Workstation\bin\;C:\Program Files\Zulu\zulu-21\bin\;C:\app\1\product\21c\dbhomeXE\bin;C:\Program Files\Java\jdk-17\bin;C:\Program Files\Common Files\Oracle\Java\javapath;C:\Program Files (x86)\Common Files\Oracle\Java\javapath;C:\WINDOWS\system32;C:\WINDOWS;C:\WINDOWS\System32\Wbem;C:\WINDOWS\System32\WindowsPowerShell\v1.0\;C:\WINDOWS\System32\OpenSSH\;C:\Program Files\Bandizip\;C:\Program Files\dotnet\;C:\Program Files (x86)\NVIDIA Corporation\PhysX\Common;C:\Program Files\NVIDIA Corporation\NVIDIA NvDLISR;C:\Program Files\Docker\Docker\resources\bin;C:\Program Files\Git\cmd;C:\Program Files\nodejs\;C:\Users\1\AppData\Local\Programs\Python\Python313\Scripts\;C:\Users\1\AppData\Local\Programs\Python\Python313\;C:\Users\1\AppData\Local\Microsoft\WindowsApps;;C:\Users\1\AppData\Local\afreeca;C:\Users\1\AppData\Local\SOOP;C:\Users\1\AppData\Local\Programs\Microsoft VS Code\bin;C:\Program Files\JetBrains\IntelliJ IDEA 2024.3.5\bin;;C:\Program Files\JetBrains\IntelliJ IDEA Community Edition 2025.1\bin;;C:\Users\1\AppData\Roaming\npm;.]
22-Nov-2025 11:39:00.112 INFO [main] org.apache.coyote.AbstractProtocol.init 프로토콜 핸들러 ["http-nio-8030"]을(를) 초기화합니다.
22-Nov-2025 11:39:00.124 INFO [main] org.apache.catalina.startup.Catalina.load [349] 밀리초 내에 서버가 초기화되었습니다.
22-Nov-2025 11:39:00.150 INFO [main] org.apache.catalina.core.StandardService.startInternal 서비스 [Catalina]을(를) 시작합니다.
22-Nov-2025 11:39:00.150 INFO [main] org.apache.catalina.core.StandardEngine.startInternal 서버 엔진을 시작합니다: [Apache Tomcat/11.0.14]
22-Nov-2025 11:39:00.160 INFO [main] org.apache.catalina.startup.HostConfig.deployDescriptor 배치 descriptor [C:\Users\1\Desktop\backend\jsp_project\conf\Catalina\localhost\ROOT.xml]을(를) 배치합니다.
22-Nov-2025 11:39:00.411 INFO [main] org.apache.catalina.startup.HostConfig.deployDescriptor 배치 descriptor [C:\Users\1\Desktop\backend\jsp_project\conf\Catalina\localhost\ROOT.xml]의 배치가 [249] 밀리초 내에 완료되었습니다.
22-Nov-2025 11:39:00.415 INFO [main] org.apache.coyote.AbstractProtocol.start 프로토콜 핸들러 ["http-nio-8030"]을(를) 시작합니다.
22-Nov-2025 11:39:00.432 INFO [main] org.apache.catalina.startup.Catalina.start 서버가 [307] 밀리초 내에 시작되었습니다.
22-Nov-2025 11:39:47.233 INFO [Thread-1] org.apache.coyote.AbstractProtocol.pause 프로토콜 핸들러 ["http-nio-8030"]을(를) 일시 정지 중
22-Nov-2025 11:39:47.236 INFO [Thread-1] org.apache.catalina.core.StandardService.stopInternal 서비스 [Catalina]을(를) 중지시킵니다.
22-Nov-2025 11:39:47.242 INFO [Thread-1] org.apache.coyote.AbstractProtocol.stop 프로토콜 핸들러 ["http-nio-8030"]을(를) 중지시킵니다.
22-Nov-2025 11:39:47.245 INFO [Thread-1] org.apache.coyote.AbstractProtocol.destroy 프로토콜 핸들러 ["http-nio-8030"]을(를) 소멸시킵니다.
22-Nov-2025 11:39:48.322 INFO [main] org.apache.catalina.startup.VersionLoggerListener.log 서버 버전 이름:    Apache Tomcat/11.0.14
22-Nov-2025 11:39:48.325 INFO [main] org.apache.catalina.startup.VersionLoggerListener.log Server 빌드 시각:  Nov 5 2025 19:03:02 UTC
22-Nov-2025 11:39:48.325 INFO [main] org.apache.catalina.startup.VersionLoggerListener.log Server 버전 번호:  11.0.14.0
22-Nov-2025 11:39:48.325 INFO [main] org.apache.catalina.startup.VersionLoggerListener.log 운영체제 이름:     Windows 11
22-Nov-2025 11:39:48.325 INFO [main] org.apache.catalina.startup.VersionLoggerListener.log 운영체제 버전:     10.0
22-Nov-2025 11:39:48.325 INFO [main] org.apache.catalina.startup.VersionLoggerListener.log 아키텍처:          amd64
22-Nov-2025 11:39:48.325 INFO [main] org.apache.catalina.startup.VersionLoggerListener.log 자바 홈:           C:\Users\1\.jdks\graalvm-jdk-21.0.8
22-Nov-2025 11:39:48.325 INFO [main] org.apache.catalina.startup.VersionLoggerListener.log JVM 버전:          21.0.8+12-LTS-jvmci-23.1-b72
22-Nov-2025 11:39:48.325 INFO [main] org.apache.catalina.startup.VersionLoggerListener.log JVM 벤더:          Oracle Corporation
22-Nov-2025 11:39:48.325 INFO [main] org.apache.catalina.startup.VersionLoggerListener.log CATALINA_BASE:     C:\Users\1\Desktop\backend\jsp_project
22-Nov-2025 11:39:48.325 INFO [main] org.apache.catalina.startup.VersionLoggerListener.log CATALINA_HOME:     C:\Users\1\Desktop\backend\apache-tomcat-11.0.14
22-Nov-2025 11:39:48.332 INFO [main] org.apache.catalina.startup.VersionLoggerListener.log 명령 행 아규먼트:  -XX:ThreadPriorityPolicy=1
22-Nov-2025 11:39:48.332 INFO [main] org.apache.catalina.startup.VersionLoggerListener.log 명령 행 아규먼트:  -XX:+UnlockExperimentalVMOptions
22-Nov-2025 11:39:48.332 INFO [main] org.apache.catalina.startup.VersionLoggerListener.log 명령 행 아규먼트:  -XX:+EnableJVMCIProduct
22-Nov-2025 11:39:48.332 INFO [main] org.apache.catalina.startup.VersionLoggerListener.log 명령 행 아규먼트:  -XX:-UnlockExperimentalVMOptions
22-Nov-2025 11:39:48.332 INFO [main] org.apache.catalina.startup.VersionLoggerListener.log 명령 행 아규먼트:  --add-opens=java.base/java.lang=ALL-UNNAMED
22-Nov-2025 11:39:48.332 INFO [main] org.apache.catalina.startup.VersionLoggerListener.log 명령 행 아규먼트:  --add-opens=java.base/java.io=ALL-UNNAMED
22-Nov-2025 11:39:48.332 INFO [main] org.apache.catalina.startup.VersionLoggerListener.log 명령 행 아규먼트:  --add-opens=java.base/java.util=ALL-UNNAMED
22-Nov-2025 11:39:48.332 INFO [main] org.apache.catalina.startup.VersionLoggerListener.log 명령 행 아규먼트:  --add-opens=java.base/java.util.concurrent=ALL-UNNAMED
22-Nov-2025 11:39:48.332 INFO [main] org.apache.catalina.startup.VersionLoggerListener.log 명령 행 아규먼트:  --add-opens=java.rmi/sun.rmi.transport=ALL-UNNAMED
22-Nov-2025 11:39:48.332 INFO [main] org.apache.catalina.startup.VersionLoggerListener.log 명령 행 아규먼트:  -Dcatalina.home=C:\Users\1\Desktop\backend\apache-tomcat-11.0.14
22-Nov-2025 11:39:48.332 INFO [main] org.apache.catalina.startup.VersionLoggerListener.log 명령 행 아규먼트:  -Dcatalina.base=C:\Users\1\Desktop\backend\jsp_project
22-Nov-2025 11:39:48.334 INFO [main] org.apache.catalina.startup.VersionLoggerListener.log 명령 행 아규먼트:  -Djava.io.tmpdir=C:\Users\1\Desktop\backend\jsp_project\temp
22-Nov-2025 11:39:48.334 INFO [main] org.apache.catalina.startup.VersionLoggerListener.log 명령 행 아규먼트:  -Djava.util.logging.config.file=C:\Users\1\Desktop\backend\jsp_project\conf\logging.properties
22-Nov-2025 11:39:48.334 INFO [main] org.apache.catalina.startup.VersionLoggerListener.log 명령 행 아규먼트:  -Djava.util.logging.manager=org.apache.juli.ClassLoaderLogManager
22-Nov-2025 11:39:48.334 INFO [main] org.apache.catalina.startup.VersionLoggerListener.log 명령 행 아규먼트:  -javaagent:C:\Program Files\JetBrains\IntelliJ IDEA Community Edition 2025.1\lib\idea_rt.jar=54407
22-Nov-2025 11:39:48.334 INFO [main] org.apache.catalina.startup.VersionLoggerListener.log 명령 행 아규먼트:  -Dfile.encoding=UTF-8
22-Nov-2025 11:39:48.334 INFO [main] org.apache.catalina.startup.VersionLoggerListener.log 명령 행 아규먼트:  -Dsun.stdout.encoding=UTF-8
22-Nov-2025 11:39:48.334 INFO [main] org.apache.catalina.startup.VersionLoggerListener.log 명령 행 아규먼트:  -Dsun.stderr.encoding=UTF-8
22-Nov-2025 11:39:48.348 INFO [main] org.apache.catalina.core.AprLifecycleListener.lifecycleEvent 프로덕션 환경들에서 최적의 성능을 제공하는, APR 기반 Apache Tomcat Native 라이브러리가, 다음 java.library.path에서 발견되지 않습니다: [C:\Users\1\.jdks\graalvm-jdk-21.0.8\bin;C:\WINDOWS\Sun\Java\bin;C:\WINDOWS\system32;C:\WINDOWS;C:\Program Files (x86)\VMware\VMware Workstation\bin\;C:\Program Files\Zulu\zulu-21\bin\;C:\app\1\product\21c\dbhomeXE\bin;C:\Program Files\Java\jdk-17\bin;C:\Program Files\Common Files\Oracle\Java\javapath;C:\Program Files (x86)\Common Files\Oracle\Java\javapath;C:\WINDOWS\system32;C:\WINDOWS;C:\WINDOWS\System32\Wbem;C:\WINDOWS\System32\WindowsPowerShell\v1.0\;C:\WINDOWS\System32\OpenSSH\;C:\Program Files\Bandizip\;C:\Program Files\dotnet\;C:\Program Files (x86)\NVIDIA Corporation\PhysX\Common;C:\Program Files\NVIDIA Corporation\NVIDIA NvDLISR;C:\Program Files\Docker\Docker\resources\bin;C:\Program Files\Git\cmd;C:\Program Files\nodejs\;C:\Users\1\AppData\Local\Programs\Python\Python313\Scripts\;C:\Users\1\AppData\Local\Programs\Python\Python313\;C:\Users\1\AppData\Local\Microsoft\WindowsApps;;C:\Users\1\AppData\Local\afreeca;C:\Users\1\AppData\Local\SOOP;C:\Users\1\AppData\Local\Programs\Microsoft VS Code\bin;C:\Program Files\JetBrains\IntelliJ IDEA 2024.3.5\bin;;C:\Program Files\JetBrains\IntelliJ IDEA Community Edition 2025.1\bin;;C:\Users\1\AppData\Roaming\npm;.]
22-Nov-2025 11:39:48.504 INFO [main] org.apache.coyote.AbstractProtocol.init 프로토콜 핸들러 ["http-nio-8030"]을(를) 초기화합니다.
22-Nov-2025 11:39:48.515 INFO [main] org.apache.catalina.startup.Catalina.load [319] 밀리초 내에 서버가 초기화되었습니다.
22-Nov-2025 11:39:48.544 INFO [main] org.apache.catalina.core.StandardService.startInternal 서비스 [Catalina]을(를) 시작합니다.
22-Nov-2025 11:39:48.544 INFO [main] org.apache.catalina.core.StandardEngine.startInternal 서버 엔진을 시작합니다: [Apache Tomcat/11.0.14]
22-Nov-2025 11:39:48.551 INFO [main] org.apache.catalina.startup.HostConfig.deployDescriptor 배치 descriptor [C:\Users\1\Desktop\backend\jsp_project\conf\Catalina\localhost\ROOT.xml]을(를) 배치합니다.
22-Nov-2025 11:39:48.817 INFO [main] org.apache.catalina.startup.HostConfig.deployDescriptor 배치 descriptor [C:\Users\1\Desktop\backend\jsp_project\conf\Catalina\localhost\ROOT.xml]의 배치가 [264] 밀리초 내에 완료되었습니다.
22-Nov-2025 11:39:48.821 INFO [main] org.apache.coyote.AbstractProtocol.start 프로토콜 핸들러 ["http-nio-8030"]을(를) 시작합니다.
22-Nov-2025 11:39:48.842 INFO [main] org.apache.catalina.startup.Catalina.start 서버가 [326] 밀리초 내에 시작되었습니다.
22-Nov-2025 12:39:58.980 INFO [Thread-1] org.apache.coyote.AbstractProtocol.pause 프로토콜 핸들러 ["http-nio-8030"]을(를) 일시 정지 중
22-Nov-2025 12:39:58.985 INFO [Thread-1] org.apache.catalina.core.StandardService.stopInternal 서비스 [Catalina]을(를) 중지시킵니다.
22-Nov-2025 12:39:58.996 INFO [Thread-1] org.apache.coyote.AbstractProtocol.stop 프로토콜 핸들러 ["http-nio-8030"]을(를) 중지시킵니다.
22-Nov-2025 12:39:59.009 INFO [Thread-1] org.apache.coyote.AbstractProtocol.destroy 프로토콜 핸들러 ["http-nio-8030"]을(를) 소멸시킵니다.
22-Nov-2025 12:40:00.168 INFO [main] org.apache.catalina.startup.VersionLoggerListener.log 서버 버전 이름:    Apache Tomcat/11.0.14
22-Nov-2025 12:40:00.171 INFO [main] org.apache.catalina.startup.VersionLoggerListener.log Server 빌드 시각:  Nov 5 2025 19:03:02 UTC
22-Nov-2025 12:40:00.171 INFO [main] org.apache.catalina.startup.VersionLoggerListener.log Server 버전 번호:  11.0.14.0
22-Nov-2025 12:40:00.171 INFO [main] org.apache.catalina.startup.VersionLoggerListener.log 운영체제 이름:     Windows 11
22-Nov-2025 12:40:00.171 INFO [main] org.apache.catalina.startup.VersionLoggerListener.log 운영체제 버전:     10.0
22-Nov-2025 12:40:00.171 INFO [main] org.apache.catalina.startup.VersionLoggerListener.log 아키텍처:          amd64
22-Nov-2025 12:40:00.171 INFO [main] org.apache.catalina.startup.VersionLoggerListener.log 자바 홈:           C:\Users\1\.jdks\graalvm-jdk-21.0.8
22-Nov-2025 12:40:00.171 INFO [main] org.apache.catalina.startup.VersionLoggerListener.log JVM 버전:          21.0.8+12-LTS-jvmci-23.1-b72
22-Nov-2025 12:40:00.171 INFO [main] org.apache.catalina.startup.VersionLoggerListener.log JVM 벤더:          Oracle Corporation
22-Nov-2025 12:40:00.171 INFO [main] org.apache.catalina.startup.VersionLoggerListener.log CATALINA_BASE:     C:\Users\1\Desktop\backend\jsp_project
22-Nov-2025 12:40:00.171 INFO [main] org.apache.catalina.startup.VersionLoggerListener.log CATALINA_HOME:     C:\Users\1\Desktop\backend\apache-tomcat-11.0.14
22-Nov-2025 12:40:00.180 INFO [main] org.apache.catalina.startup.VersionLoggerListener.log 명령 행 아규먼트:  -XX:ThreadPriorityPolicy=1
22-Nov-2025 12:40:00.180 INFO [main] org.apache.catalina.startup.VersionLoggerListener.log 명령 행 아규먼트:  -XX:+UnlockExperimentalVMOptions
22-Nov-2025 12:40:00.180 INFO [main] org.apache.catalina.startup.VersionLoggerListener.log 명령 행 아규먼트:  -XX:+EnableJVMCIProduct
22-Nov-2025 12:40:00.180 INFO [main] org.apache.catalina.startup.VersionLoggerListener.log 명령 행 아규먼트:  -XX:-UnlockExperimentalVMOptions
22-Nov-2025 12:40:00.180 INFO [main] org.apache.catalina.startup.VersionLoggerListener.log 명령 행 아규먼트:  --add-opens=java.base/java.lang=ALL-UNNAMED
22-Nov-2025 12:40:00.180 INFO [main] org.apache.catalina.startup.VersionLoggerListener.log 명령 행 아규먼트:  --add-opens=java.base/java.io=ALL-UNNAMED
22-Nov-2025 12:40:00.180 INFO [main] org.apache.catalina.startup.VersionLoggerListener.log 명령 행 아규먼트:  --add-opens=java.base/java.util=ALL-UNNAMED
22-Nov-2025 12:40:00.180 INFO [main] org.apache.catalina.startup.VersionLoggerListener.log 명령 행 아규먼트:  --add-opens=java.base/java.util.concurrent=ALL-UNNAMED
22-Nov-2025 12:40:00.180 INFO [main] org.apache.catalina.startup.VersionLoggerListener.log 명령 행 아규먼트:  --add-opens=java.rmi/sun.rmi.transport=ALL-UNNAMED
22-Nov-2025 12:40:00.180 INFO [main] org.apache.catalina.startup.VersionLoggerListener.log 명령 행 아규먼트:  -Dcatalina.home=C:\Users\1\Desktop\backend\apache-tomcat-11.0.14
22-Nov-2025 12:40:00.180 INFO [main] org.apache.catalina.startup.VersionLoggerListener.log 명령 행 아규먼트:  -Dcatalina.base=C:\Users\1\Desktop\backend\jsp_project
22-Nov-2025 12:40:00.180 INFO [main] org.apache.catalina.startup.VersionLoggerListener.log 명령 행 아규먼트:  -Djava.io.tmpdir=C:\Users\1\Desktop\backend\jsp_project\temp
22-Nov-2025 12:40:00.181 INFO [main] org.apache.catalina.startup.VersionLoggerListener.log 명령 행 아규먼트:  -Djava.util.logging.config.file=C:\Users\1\Desktop\backend\jsp_project\conf\logging.properties
22-Nov-2025 12:40:00.181 INFO [main] org.apache.catalina.startup.VersionLoggerListener.log 명령 행 아규먼트:  -Djava.util.logging.manager=org.apache.juli.ClassLoaderLogManager
22-Nov-2025 12:40:00.181 INFO [main] org.apache.catalina.startup.VersionLoggerListener.log 명령 행 아규먼트:  -javaagent:C:\Program Files\JetBrains\IntelliJ IDEA Community Edition 2025.1\lib\idea_rt.jar=55140
22-Nov-2025 12:40:00.181 INFO [main] org.apache.catalina.startup.VersionLoggerListener.log 명령 행 아규먼트:  -Dfile.encoding=UTF-8
22-Nov-2025 12:40:00.181 INFO [main] org.apache.catalina.startup.VersionLoggerListener.log 명령 행 아규먼트:  -Dsun.stdout.encoding=UTF-8
22-Nov-2025 12:40:00.181 INFO [main] org.apache.catalina.startup.VersionLoggerListener.log 명령 행 아규먼트:  -Dsun.stderr.encoding=UTF-8
22-Nov-2025 12:40:00.193 INFO [main] org.apache.catalina.core.AprLifecycleListener.lifecycleEvent 프로덕션 환경들에서 최적의 성능을 제공하는, APR 기반 Apache Tomcat Native 라이브러리가, 다음 java.library.path에서 발견되지 않습니다: [C:\Users\1\.jdks\graalvm-jdk-21.0.8\bin;C:\WINDOWS\Sun\Java\bin;C:\WINDOWS\system32;C:\WINDOWS;C:\Program Files (x86)\VMware\VMware Workstation\bin\;C:\Program Files\Zulu\zulu-21\bin\;C:\app\1\product\21c\dbhomeXE\bin;C:\Program Files\Java\jdk-17\bin;C:\Program Files\Common Files\Oracle\Java\javapath;C:\Program Files (x86)\Common Files\Oracle\Java\javapath;C:\WINDOWS\system32;C:\WINDOWS;C:\WINDOWS\System32\Wbem;C:\WINDOWS\System32\WindowsPowerShell\v1.0\;C:\WINDOWS\System32\OpenSSH\;C:\Program Files\Bandizip\;C:\Program Files\dotnet\;C:\Program Files (x86)\NVIDIA Corporation\PhysX\Common;C:\Program Files\NVIDIA Corporation\NVIDIA NvDLISR;C:\Program Files\Docker\Docker\resources\bin;C:\Program Files\Git\cmd;C:\Program Files\nodejs\;C:\Users\1\AppData\Local\Programs\Python\Python313\Scripts\;C:\Users\1\AppData\Local\Programs\Python\Python313\;C:\Users\1\AppData\Local\Microsoft\WindowsApps;;C:\Users\1\AppData\Local\afreeca;C:\Users\1\AppData\Local\SOOP;C:\Users\1\AppData\Local\Programs\Microsoft VS Code\bin;C:\Program Files\JetBrains\IntelliJ IDEA 2024.3.5\bin;;C:\Program Files\JetBrains\IntelliJ IDEA Community Edition 2025.1\bin;;C:\Users\1\AppData\Roaming\npm;.]
22-Nov-2025 12:40:00.332 INFO [main] org.apache.coyote.AbstractProtocol.init 프로토콜 핸들러 ["http-nio-8030"]을(를) 초기화합니다.
22-Nov-2025 12:40:00.344 INFO [main] org.apache.catalina.startup.Catalina.load [311] 밀리초 내에 서버가 초기화되었습니다.
22-Nov-2025 12:40:00.374 INFO [main] org.apache.catalina.core.StandardService.startInternal 서비스 [Catalina]을(를) 시작합니다.
22-Nov-2025 12:40:00.374 INFO [main] org.apache.catalina.core.StandardEngine.startInternal 서버 엔진을 시작합니다: [Apache Tomcat/11.0.14]
22-Nov-2025 12:40:00.383 INFO [main] org.apache.catalina.startup.HostConfig.deployDescriptor 배치 descriptor [C:\Users\1\Desktop\backend\jsp_project\conf\Catalina\localhost\ROOT.xml]을(를) 배치합니다.
22-Nov-2025 12:40:01.153 INFO [main] org.apache.jasper.servlet.TldScanner.scanJars 적어도 하나의 JAR가 TLD들을 찾기 위해 스캔되었으나 아무 것도 찾지 못했습니다. 스캔했으나 TLD가 없는 JAR들의 전체 목록을 보시려면, 로그 레벨을 디버그 레벨로 설정하십시오. 스캔 과정에서 불필요한 JAR들을 건너뛰면, 시스템 시작 시간과 JSP 컴파일 시간을 단축시킬 수 있습니다.
22-Nov-2025 12:40:01.229 INFO [main] org.apache.catalina.startup.HostConfig.deployDescriptor 배치 descriptor [C:\Users\1\Desktop\backend\jsp_project\conf\Catalina\localhost\ROOT.xml]의 배치가 [845] 밀리초 내에 완료되었습니다.
22-Nov-2025 12:40:01.231 INFO [main] org.apache.coyote.AbstractProtocol.start 프로토콜 핸들러 ["http-nio-8030"]을(를) 시작합니다.
22-Nov-2025 12:40:01.250 INFO [main] org.apache.catalina.startup.Catalina.start 서버가 [905] 밀리초 내에 시작되었습니다.
22-Nov-2025 12:42:04.947 INFO [Thread-1] org.apache.coyote.AbstractProtocol.pause 프로토콜 핸들러 ["http-nio-8030"]을(를) 일시 정지 중
22-Nov-2025 12:42:04.950 INFO [Thread-1] org.apache.catalina.core.StandardService.stopInternal 서비스 [Catalina]을(를) 중지시킵니다.
22-Nov-2025 12:42:04.955 INFO [Thread-1] org.apache.coyote.AbstractProtocol.stop 프로토콜 핸들러 ["http-nio-8030"]을(를) 중지시킵니다.
22-Nov-2025 12:42:04.958 INFO [Thread-1] org.apache.coyote.AbstractProtocol.destroy 프로토콜 핸들러 ["http-nio-8030"]을(를) 소멸시킵니다.
22-Nov-2025 12:42:06.098 INFO [main] org.apache.catalina.startup.VersionLoggerListener.log 서버 버전 이름:    Apache Tomcat/11.0.14
22-Nov-2025 12:42:06.100 INFO [main] org.apache.catalina.startup.VersionLoggerListener.log Server 빌드 시각:  Nov 5 2025 19:03:02 UTC
22-Nov-2025 12:42:06.101 INFO [main] org.apache.catalina.startup.VersionLoggerListener.log Server 버전 번호:  11.0.14.0
22-Nov-2025 12:42:06.101 INFO [main] org.apache.catalina.startup.VersionLoggerListener.log 운영체제 이름:     Windows 11
22-Nov-2025 12:42:06.101 INFO [main] org.apache.catalina.startup.VersionLoggerListener.log 운영체제 버전:     10.0
22-Nov-2025 12:42:06.101 INFO [main] org.apache.catalina.startup.VersionLoggerListener.log 아키텍처:          amd64
22-Nov-2025 12:42:06.101 INFO [main] org.apache.catalina.startup.VersionLoggerListener.log 자바 홈:           C:\Users\1\.jdks\graalvm-jdk-21.0.8
22-Nov-2025 12:42:06.101 INFO [main] org.apache.catalina.startup.VersionLoggerListener.log JVM 버전:          21.0.8+12-LTS-jvmci-23.1-b72
22-Nov-2025 12:42:06.101 INFO [main] org.apache.catalina.startup.VersionLoggerListener.log JVM 벤더:          Oracle Corporation
22-Nov-2025 12:42:06.101 INFO [main] org.apache.catalina.startup.VersionLoggerListener.log CATALINA_BASE:     C:\Users\1\Desktop\backend\jsp_project
22-Nov-2025 12:42:06.101 INFO [main] org.apache.catalina.startup.VersionLoggerListener.log CATALINA_HOME:     C:\Users\1\Desktop\backend\apache-tomcat-11.0.14
22-Nov-2025 12:42:06.108 INFO [main] org.apache.catalina.startup.VersionLoggerListener.log 명령 행 아규먼트:  -XX:ThreadPriorityPolicy=1
22-Nov-2025 12:42:06.108 INFO [main] org.apache.catalina.startup.VersionLoggerListener.log 명령 행 아규먼트:  -XX:+UnlockExperimentalVMOptions
22-Nov-2025 12:42:06.108 INFO [main] org.apache.catalina.startup.VersionLoggerListener.log 명령 행 아규먼트:  -XX:+EnableJVMCIProduct
22-Nov-2025 12:42:06.108 INFO [main] org.apache.catalina.startup.VersionLoggerListener.log 명령 행 아규먼트:  -XX:-UnlockExperimentalVMOptions
22-Nov-2025 12:42:06.108 INFO [main] org.apache.catalina.startup.VersionLoggerListener.log 명령 행 아규먼트:  --add-opens=java.base/java.lang=ALL-UNNAMED
22-Nov-2025 12:42:06.108 INFO [main] org.apache.catalina.startup.VersionLoggerListener.log 명령 행 아규먼트:  --add-opens=java.base/java.io=ALL-UNNAMED
22-Nov-2025 12:42:06.108 INFO [main] org.apache.catalina.startup.VersionLoggerListener.log 명령 행 아규먼트:  --add-opens=java.base/java.util=ALL-UNNAMED
22-Nov-2025 12:42:06.108 INFO [main] org.apache.catalina.startup.VersionLoggerListener.log 명령 행 아규먼트:  --add-opens=java.base/java.util.concurrent=ALL-UNNAMED
22-Nov-2025 12:42:06.108 INFO [main] org.apache.catalina.startup.VersionLoggerListener.log 명령 행 아규먼트:  --add-opens=java.rmi/sun.rmi.transport=ALL-UNNAMED
22-Nov-2025 12:42:06.108 INFO [main] org.apache.catalina.startup.VersionLoggerListener.log 명령 행 아규먼트:  -Dcatalina.home=C:\Users\1\Desktop\backend\apache-tomcat-11.0.14
22-Nov-2025 12:42:06.108 INFO [main] org.apache.catalina.startup.VersionLoggerListener.log 명령 행 아규먼트:  -Dcatalina.base=C:\Users\1\Desktop\backend\jsp_project
22-Nov-2025 12:42:06.109 INFO [main] org.apache.catalina.startup.VersionLoggerListener.log 명령 행 아규먼트:  -Djava.io.tmpdir=C:\Users\1\Desktop\backend\jsp_project\temp
22-Nov-2025 12:42:06.109 INFO [main] org.apache.catalina.startup.VersionLoggerListener.log 명령 행 아규먼트:  -Djava.util.logging.config.file=C:\Users\1\Desktop\backend\jsp_project\conf\logging.properties
22-Nov-2025 12:42:06.109 INFO [main] org.apache.catalina.startup.VersionLoggerListener.log 명령 행 아규먼트:  -Djava.util.logging.manager=org.apache.juli.ClassLoaderLogManager
22-Nov-2025 12:42:06.109 INFO [main] org.apache.catalina.startup.VersionLoggerListener.log 명령 행 아규먼트:  -javaagent:C:\Program Files\JetBrains\IntelliJ IDEA Community Edition 2025.1\lib\idea_rt.jar=52828
22-Nov-2025 12:42:06.109 INFO [main] org.apache.catalina.startup.VersionLoggerListener.log 명령 행 아규먼트:  -Dfile.encoding=UTF-8
22-Nov-2025 12:42:06.110 INFO [main] org.apache.catalina.startup.VersionLoggerListener.log 명령 행 아규먼트:  -Dsun.stdout.encoding=UTF-8
22-Nov-2025 12:42:06.110 INFO [main] org.apache.catalina.startup.VersionLoggerListener.log 명령 행 아규먼트:  -Dsun.stderr.encoding=UTF-8
22-Nov-2025 12:42:06.124 INFO [main] org.apache.catalina.core.AprLifecycleListener.lifecycleEvent 프로덕션 환경들에서 최적의 성능을 제공하는, APR 기반 Apache Tomcat Native 라이브러리가, 다음 java.library.path에서 발견되지 않습니다: [C:\Users\1\.jdks\graalvm-jdk-21.0.8\bin;C:\WINDOWS\Sun\Java\bin;C:\WINDOWS\system32;C:\WINDOWS;C:\Program Files (x86)\VMware\VMware Workstation\bin\;C:\Program Files\Zulu\zulu-21\bin\;C:\app\1\product\21c\dbhomeXE\bin;C:\Program Files\Java\jdk-17\bin;C:\Program Files\Common Files\Oracle\Java\javapath;C:\Program Files (x86)\Common Files\Oracle\Java\javapath;C:\WINDOWS\system32;C:\WINDOWS;C:\WINDOWS\System32\Wbem;C:\WINDOWS\System32\WindowsPowerShell\v1.0\;C:\WINDOWS\System32\OpenSSH\;C:\Program Files\Bandizip\;C:\Program Files\dotnet\;C:\Program Files (x86)\NVIDIA Corporation\PhysX\Common;C:\Program Files\NVIDIA Corporation\NVIDIA NvDLISR;C:\Program Files\Docker\Docker\resources\bin;C:\Program Files\Git\cmd;C:\Program Files\nodejs\;C:\Users\1\AppData\Local\Programs\Python\Python313\Scripts\;C:\Users\1\AppData\Local\Programs\Python\Python313\;C:\Users\1\AppData\Local\Microsoft\WindowsApps;;C:\Users\1\AppData\Local\afreeca;C:\Users\1\AppData\Local\SOOP;C:\Users\1\AppData\Local\Programs\Microsoft VS Code\bin;C:\Program Files\JetBrains\IntelliJ IDEA 2024.3.5\bin;;C:\Program Files\JetBrains\IntelliJ IDEA Community Edition 2025.1\bin;;C:\Users\1\AppData\Roaming\npm;.]
22-Nov-2025 12:42:06.286 INFO [main] org.apache.coyote.AbstractProtocol.init 프로토콜 핸들러 ["http-nio-8030"]을(를) 초기화합니다.
22-Nov-2025 12:42:06.297 INFO [main] org.apache.catalina.startup.Catalina.load [340] 밀리초 내에 서버가 초기화되었습니다.
22-Nov-2025 12:42:06.329 INFO [main] org.apache.catalina.core.StandardService.startInternal 서비스 [Catalina]을(를) 시작합니다.
22-Nov-2025 12:42:06.329 INFO [main] org.apache.catalina.core.StandardEngine.startInternal 서버 엔진을 시작합니다: [Apache Tomcat/11.0.14]
22-Nov-2025 12:42:06.339 INFO [main] org.apache.catalina.startup.HostConfig.deployDescriptor 배치 descriptor [C:\Users\1\Desktop\backend\jsp_project\conf\Catalina\localhost\ROOT.xml]을(를) 배치합니다.
22-Nov-2025 12:42:07.129 INFO [main] org.apache.jasper.servlet.TldScanner.scanJars 적어도 하나의 JAR가 TLD들을 찾기 위해 스캔되었으나 아무 것도 찾지 못했습니다. 스캔했으나 TLD가 없는 JAR들의 전체 목록을 보시려면, 로그 레벨을 디버그 레벨로 설정하십시오. 스캔 과정에서 불필요한 JAR들을 건너뛰면, 시스템 시작 시간과 JSP 컴파일 시간을 단축시킬 수 있습니다.
22-Nov-2025 12:42:07.210 INFO [main] org.apache.catalina.startup.HostConfig.deployDescriptor 배치 descriptor [C:\Users\1\Desktop\backend\jsp_project\conf\Catalina\localhost\ROOT.xml]의 배치가 [869] 밀리초 내에 완료되었습니다.
22-Nov-2025 12:42:07.214 INFO [main] org.apache.coyote.AbstractProtocol.start 프로토콜 핸들러 ["http-nio-8030"]을(를) 시작합니다.
22-Nov-2025 12:42:07.235 INFO [main] org.apache.catalina.startup.Catalina.start 서버가 [936] 밀리초 내에 시작되었습니다.
22-Nov-2025 12:45:27.023 INFO [Thread-1] org.apache.coyote.AbstractProtocol.pause 프로토콜 핸들러 ["http-nio-8030"]을(를) 일시 정지 중
22-Nov-2025 12:45:27.026 INFO [Thread-1] org.apache.catalina.core.StandardService.stopInternal 서비스 [Catalina]을(를) 중지시킵니다.
22-Nov-2025 12:45:27.031 INFO [Thread-1] org.apache.coyote.AbstractProtocol.stop 프로토콜 핸들러 ["http-nio-8030"]을(를) 중지시킵니다.
22-Nov-2025 12:45:27.033 INFO [Thread-1] org.apache.coyote.AbstractProtocol.destroy 프로토콜 핸들러 ["http-nio-8030"]을(를) 소멸시킵니다.
22-Nov-2025 12:45:28.163 INFO [main] org.apache.catalina.startup.VersionLoggerListener.log 서버 버전 이름:    Apache Tomcat/11.0.14
22-Nov-2025 12:45:28.165 INFO [main] org.apache.catalina.startup.VersionLoggerListener.log Server 빌드 시각:  Nov 5 2025 19:03:02 UTC
22-Nov-2025 12:45:28.167 INFO [main] org.apache.catalina.startup.VersionLoggerListener.log Server 버전 번호:  11.0.14.0
22-Nov-2025 12:45:28.167 INFO [main] org.apache.catalina.startup.VersionLoggerListener.log 운영체제 이름:     Windows 11
22-Nov-2025 12:45:28.167 INFO [main] org.apache.catalina.startup.VersionLoggerListener.log 운영체제 버전:     10.0
22-Nov-2025 12:45:28.167 INFO [main] org.apache.catalina.startup.VersionLoggerListener.log 아키텍처:          amd64
22-Nov-2025 12:45:28.167 INFO [main] org.apache.catalina.startup.VersionLoggerListener.log 자바 홈:           C:\Users\1\.jdks\graalvm-jdk-21.0.8
22-Nov-2025 12:45:28.167 INFO [main] org.apache.catalina.startup.VersionLoggerListener.log JVM 버전:          21.0.8+12-LTS-jvmci-23.1-b72
22-Nov-2025 12:45:28.167 INFO [main] org.apache.catalina.startup.VersionLoggerListener.log JVM 벤더:          Oracle Corporation
22-Nov-2025 12:45:28.167 INFO [main] org.apache.catalina.startup.VersionLoggerListener.log CATALINA_BASE:     C:\Users\1\Desktop\backend\jsp_project
22-Nov-2025 12:45:28.167 INFO [main] org.apache.catalina.startup.VersionLoggerListener.log CATALINA_HOME:     C:\Users\1\Desktop\backend\apache-tomcat-11.0.14
22-Nov-2025 12:45:28.173 INFO [main] org.apache.catalina.startup.VersionLoggerListener.log 명령 행 아규먼트:  -XX:ThreadPriorityPolicy=1
22-Nov-2025 12:45:28.173 INFO [main] org.apache.catalina.startup.VersionLoggerListener.log 명령 행 아규먼트:  -XX:+UnlockExperimentalVMOptions
22-Nov-2025 12:45:28.173 INFO [main] org.apache.catalina.startup.VersionLoggerListener.log 명령 행 아규먼트:  -XX:+EnableJVMCIProduct
22-Nov-2025 12:45:28.173 INFO [main] org.apache.catalina.startup.VersionLoggerListener.log 명령 행 아규먼트:  -XX:-UnlockExperimentalVMOptions
22-Nov-2025 12:45:28.173 INFO [main] org.apache.catalina.startup.VersionLoggerListener.log 명령 행 아규먼트:  --add-opens=java.base/java.lang=ALL-UNNAMED
22-Nov-2025 12:45:28.173 INFO [main] org.apache.catalina.startup.VersionLoggerListener.log 명령 행 아규먼트:  --add-opens=java.base/java.io=ALL-UNNAMED
22-Nov-2025 12:45:28.173 INFO [main] org.apache.catalina.startup.VersionLoggerListener.log 명령 행 아규먼트:  --add-opens=java.base/java.util=ALL-UNNAMED
22-Nov-2025 12:45:28.173 INFO [main] org.apache.catalina.startup.VersionLoggerListener.log 명령 행 아규먼트:  --add-opens=java.base/java.util.concurrent=ALL-UNNAMED
22-Nov-2025 12:45:28.173 INFO [main] org.apache.catalina.startup.VersionLoggerListener.log 명령 행 아규먼트:  --add-opens=java.rmi/sun.rmi.transport=ALL-UNNAMED
22-Nov-2025 12:45:28.173 INFO [main] org.apache.catalina.startup.VersionLoggerListener.log 명령 행 아규먼트:  -Dcatalina.home=C:\Users\1\Desktop\backend\apache-tomcat-11.0.14
22-Nov-2025 12:45:28.173 INFO [main] org.apache.catalina.startup.VersionLoggerListener.log 명령 행 아규먼트:  -Dcatalina.base=C:\Users\1\Desktop\backend\jsp_project
22-Nov-2025 12:45:28.174 INFO [main] org.apache.catalina.startup.VersionLoggerListener.log 명령 행 아규먼트:  -Djava.io.tmpdir=C:\Users\1\Desktop\backend\jsp_project\temp
22-Nov-2025 12:45:28.174 INFO [main] org.apache.catalina.startup.VersionLoggerListener.log 명령 행 아규먼트:  -Djava.util.logging.config.file=C:\Users\1\Desktop\backend\jsp_project\conf\logging.properties
22-Nov-2025 12:45:28.174 INFO [main] org.apache.catalina.startup.VersionLoggerListener.log 명령 행 아규먼트:  -Djava.util.logging.manager=org.apache.juli.ClassLoaderLogManager
22-Nov-2025 12:45:28.174 INFO [main] org.apache.catalina.startup.VersionLoggerListener.log 명령 행 아규먼트:  -javaagent:C:\Program Files\JetBrains\IntelliJ IDEA Community Edition 2025.1\lib\idea_rt.jar=65423
22-Nov-2025 12:45:28.174 INFO [main] org.apache.catalina.startup.VersionLoggerListener.log 명령 행 아규먼트:  -Dfile.encoding=UTF-8
22-Nov-2025 12:45:28.174 INFO [main] org.apache.catalina.startup.VersionLoggerListener.log 명령 행 아규먼트:  -Dsun.stdout.encoding=UTF-8
22-Nov-2025 12:45:28.174 INFO [main] org.apache.catalina.startup.VersionLoggerListener.log 명령 행 아규먼트:  -Dsun.stderr.encoding=UTF-8
22-Nov-2025 12:45:28.190 INFO [main] org.apache.catalina.core.AprLifecycleListener.lifecycleEvent 프로덕션 환경들에서 최적의 성능을 제공하는, APR 기반 Apache Tomcat Native 라이브러리가, 다음 java.library.path에서 발견되지 않습니다: [C:\Users\1\.jdks\graalvm-jdk-21.0.8\bin;C:\WINDOWS\Sun\Java\bin;C:\WINDOWS\system32;C:\WINDOWS;C:\Program Files (x86)\VMware\VMware Workstation\bin\;C:\Program Files\Zulu\zulu-21\bin\;C:\app\1\product\21c\dbhomeXE\bin;C:\Program Files\Java\jdk-17\bin;C:\Program Files\Common Files\Oracle\Java\javapath;C:\Program Files (x86)\Common Files\Oracle\Java\javapath;C:\WINDOWS\system32;C:\WINDOWS;C:\WINDOWS\System32\Wbem;C:\WINDOWS\System32\WindowsPowerShell\v1.0\;C:\WINDOWS\System32\OpenSSH\;C:\Program Files\Bandizip\;C:\Program Files\dotnet\;C:\Program Files (x86)\NVIDIA Corporation\PhysX\Common;C:\Program Files\NVIDIA Corporation\NVIDIA NvDLISR;C:\Program Files\Docker\Docker\resources\bin;C:\Program Files\Git\cmd;C:\Program Files\nodejs\;C:\Users\1\AppData\Local\Programs\Python\Python313\Scripts\;C:\Users\1\AppData\Local\Programs\Python\Python313\;C:\Users\1\AppData\Local\Microsoft\WindowsApps;;C:\Users\1\AppData\Local\afreeca;C:\Users\1\AppData\Local\SOOP;C:\Users\1\AppData\Local\Programs\Microsoft VS Code\bin;C:\Program Files\JetBrains\IntelliJ IDEA 2024.3.5\bin;;C:\Program Files\JetBrains\IntelliJ IDEA Community Edition 2025.1\bin;;C:\Users\1\AppData\Roaming\npm;.]
22-Nov-2025 12:45:28.348 INFO [main] org.apache.coyote.AbstractProtocol.init 프로토콜 핸들러 ["http-nio-8030"]을(를) 초기화합니다.
22-Nov-2025 12:45:28.358 INFO [main] org.apache.catalina.startup.Catalina.load [324] 밀리초 내에 서버가 초기화되었습니다.
22-Nov-2025 12:45:28.389 INFO [main] org.apache.catalina.core.StandardService.startInternal 서비스 [Catalina]을(를) 시작합니다.
22-Nov-2025 12:45:28.389 INFO [main] org.apache.catalina.core.StandardEngine.startInternal 서버 엔진을 시작합니다: [Apache Tomcat/11.0.14]
22-Nov-2025 12:45:28.398 INFO [main] org.apache.catalina.startup.HostConfig.deployDescriptor 배치 descriptor [C:\Users\1\Desktop\backend\jsp_project\conf\Catalina\localhost\ROOT.xml]을(를) 배치합니다.
22-Nov-2025 12:45:29.169 INFO [main] org.apache.jasper.servlet.TldScanner.scanJars 적어도 하나의 JAR가 TLD들을 찾기 위해 스캔되었으나 아무 것도 찾지 못했습니다. 스캔했으나 TLD가 없는 JAR들의 전체 목록을 보시려면, 로그 레벨을 디버그 레벨로 설정하십시오. 스캔 과정에서 불필요한 JAR들을 건너뛰면, 시스템 시작 시간과 JSP 컴파일 시간을 단축시킬 수 있습니다.
22-Nov-2025 12:45:29.241 INFO [main] org.apache.catalina.startup.HostConfig.deployDescriptor 배치 descriptor [C:\Users\1\Desktop\backend\jsp_project\conf\Catalina\localhost\ROOT.xml]의 배치가 [842] 밀리초 내에 완료되었습니다.
22-Nov-2025 12:45:29.249 INFO [main] org.apache.coyote.AbstractProtocol.start 프로토콜 핸들러 ["http-nio-8030"]을(를) 시작합니다.
22-Nov-2025 12:45:29.276 INFO [main] org.apache.catalina.startup.Catalina.start 서버가 [916] 밀리초 내에 시작되었습니다.
22-Nov-2025 12:45:54.740 INFO [Thread-1] org.apache.coyote.AbstractProtocol.pause 프로토콜 핸들러 ["http-nio-8030"]을(를) 일시 정지 중
22-Nov-2025 12:45:54.743 INFO [Thread-1] org.apache.catalina.core.StandardService.stopInternal 서비스 [Catalina]을(를) 중지시킵니다.
22-Nov-2025 12:45:54.749 INFO [Thread-1] org.apache.coyote.AbstractProtocol.stop 프로토콜 핸들러 ["http-nio-8030"]을(를) 중지시킵니다.
22-Nov-2025 12:45:54.752 INFO [Thread-1] org.apache.coyote.AbstractProtocol.destroy 프로토콜 핸들러 ["http-nio-8030"]을(를) 소멸시킵니다.
