16-Nov-2025 13:54:44.382 INFO [main] org.apache.catalina.startup.VersionLoggerListener.log 서버 버전 이름:    Apache Tomcat/11.0.14
16-Nov-2025 13:54:44.385 INFO [main] org.apache.catalina.startup.VersionLoggerListener.log Server 빌드 시각:  Nov 5 2025 19:03:02 UTC
16-Nov-2025 13:54:44.385 INFO [main] org.apache.catalina.startup.VersionLoggerListener.log Server 버전 번호:  11.0.14.0
16-Nov-2025 13:54:44.385 INFO [main] org.apache.catalina.startup.VersionLoggerListener.log 운영체제 이름:     Windows 11
16-Nov-2025 13:54:44.385 INFO [main] org.apache.catalina.startup.VersionLoggerListener.log 운영체제 버전:     10.0
16-Nov-2025 13:54:44.385 INFO [main] org.apache.catalina.startup.VersionLoggerListener.log 아키텍처:          amd64
16-Nov-2025 13:54:44.385 INFO [main] org.apache.catalina.startup.VersionLoggerListener.log 자바 홈:           C:\Users\1\.jdks\graalvm-jdk-21.0.8
16-Nov-2025 13:54:44.385 INFO [main] org.apache.catalina.startup.VersionLoggerListener.log JVM 버전:          21.0.8+12-LTS-jvmci-23.1-b72
16-Nov-2025 13:54:44.385 INFO [main] org.apache.catalina.startup.VersionLoggerListener.log JVM 벤더:          Oracle Corporation
16-Nov-2025 13:54:44.385 INFO [main] org.apache.catalina.startup.VersionLoggerListener.log CATALINA_BASE:     C:\Users\1\Desktop\backend\jsp_project
16-Nov-2025 13:54:44.385 INFO [main] org.apache.catalina.startup.VersionLoggerListener.log CATALINA_HOME:     C:\Users\1\Desktop\backend\apache-tomcat-11.0.14
16-Nov-2025 13:54:44.393 INFO [main] org.apache.catalina.startup.VersionLoggerListener.log 명령 행 아규먼트:  -XX:ThreadPriorityPolicy=1
16-Nov-2025 13:54:44.393 INFO [main] org.apache.catalina.startup.VersionLoggerListener.log 명령 행 아규먼트:  -XX:+UnlockExperimentalVMOptions
16-Nov-2025 13:54:44.393 INFO [main] org.apache.catalina.startup.VersionLoggerListener.log 명령 행 아규먼트:  -XX:+EnableJVMCIProduct
16-Nov-2025 13:54:44.393 INFO [main] org.apache.catalina.startup.VersionLoggerListener.log 명령 행 아규먼트:  -XX:-UnlockExperimentalVMOptions
16-Nov-2025 13:54:44.393 INFO [main] org.apache.catalina.startup.VersionLoggerListener.log 명령 행 아규먼트:  --add-opens=java.base/java.lang=ALL-UNNAMED
16-Nov-2025 13:54:44.393 INFO [main] org.apache.catalina.startup.VersionLoggerListener.log 명령 행 아규먼트:  --add-opens=java.base/java.io=ALL-UNNAMED
16-Nov-2025 13:54:44.393 INFO [main] org.apache.catalina.startup.VersionLoggerListener.log 명령 행 아규먼트:  --add-opens=java.base/java.util=ALL-UNNAMED
16-Nov-2025 13:54:44.393 INFO [main] org.apache.catalina.startup.VersionLoggerListener.log 명령 행 아규먼트:  --add-opens=java.base/java.util.concurrent=ALL-UNNAMED
16-Nov-2025 13:54:44.393 INFO [main] org.apache.catalina.startup.VersionLoggerListener.log 명령 행 아규먼트:  --add-opens=java.rmi/sun.rmi.transport=ALL-UNNAMED
16-Nov-2025 13:54:44.393 INFO [main] org.apache.catalina.startup.VersionLoggerListener.log 명령 행 아규먼트:  -Dcatalina.home=C:\Users\1\Desktop\backend\apache-tomcat-11.0.14
16-Nov-2025 13:54:44.393 INFO [main] org.apache.catalina.startup.VersionLoggerListener.log 명령 행 아규먼트:  -Dcatalina.base=C:\Users\1\Desktop\backend\jsp_project
16-Nov-2025 13:54:44.395 INFO [main] org.apache.catalina.startup.VersionLoggerListener.log 명령 행 아규먼트:  -Djava.io.tmpdir=C:\Users\1\Desktop\backend\jsp_project\temp
16-Nov-2025 13:54:44.395 INFO [main] org.apache.catalina.startup.VersionLoggerListener.log 명령 행 아규먼트:  -Djava.util.logging.config.file=C:\Users\1\Desktop\backend\jsp_project\conf\logging.properties
16-Nov-2025 13:54:44.395 INFO [main] org.apache.catalina.startup.VersionLoggerListener.log 명령 행 아규먼트:  -Djava.util.logging.manager=org.apache.juli.ClassLoaderLogManager
16-Nov-2025 13:54:44.395 INFO [main] org.apache.catalina.startup.VersionLoggerListener.log 명령 행 아규먼트:  -javaagent:C:\Program Files\JetBrains\IntelliJ IDEA Community Edition 2025.1\lib\idea_rt.jar=58384
16-Nov-2025 13:54:44.395 INFO [main] org.apache.catalina.startup.VersionLoggerListener.log 명령 행 아규먼트:  -Dfile.encoding=UTF-8
16-Nov-2025 13:54:44.395 INFO [main] org.apache.catalina.startup.VersionLoggerListener.log 명령 행 아규먼트:  -Dsun.stdout.encoding=UTF-8
16-Nov-2025 13:54:44.395 INFO [main] org.apache.catalina.startup.VersionLoggerListener.log 명령 행 아규먼트:  -Dsun.stderr.encoding=UTF-8
16-Nov-2025 13:54:44.410 INFO [main] org.apache.catalina.core.AprLifecycleListener.lifecycleEvent 프로덕션 환경들에서 최적의 성능을 제공하는, APR 기반 Apache Tomcat Native 라이브러리가, 다음 java.library.path에서 발견되지 않습니다: [C:\Users\1\.jdks\graalvm-jdk-21.0.8\bin;C:\WINDOWS\Sun\Java\bin;C:\WINDOWS\system32;C:\WINDOWS;C:\Program Files (x86)\VMware\VMware Workstation\bin\;C:\Program Files\Zulu\zulu-21\bin\;C:\app\1\product\21c\dbhomeXE\bin;C:\Program Files\Java\jdk-17\bin;C:\Program Files\Common Files\Oracle\Java\javapath;C:\Program Files (x86)\Common Files\Oracle\Java\javapath;C:\WINDOWS\system32;C:\WINDOWS;C:\WINDOWS\System32\Wbem;C:\WINDOWS\System32\WindowsPowerShell\v1.0\;C:\WINDOWS\System32\OpenSSH\;C:\Program Files\Bandizip\;C:\Program Files\dotnet\;C:\Program Files (x86)\NVIDIA Corporation\PhysX\Common;C:\Program Files\NVIDIA Corporation\NVIDIA NvDLISR;C:\Program Files\Docker\Docker\resources\bin;C:\Program Files\Git\cmd;C:\Program Files\nodejs\;C:\Users\1\AppData\Local\Programs\Python\Python313\Scripts\;C:\Users\1\AppData\Local\Programs\Python\Python313\;C:\Users\1\AppData\Local\Microsoft\WindowsApps;;C:\Users\1\AppData\Local\afreeca;C:\Users\1\AppData\Local\SOOP;C:\Users\1\AppData\Local\Programs\Microsoft VS Code\bin;C:\Program Files\JetBrains\IntelliJ IDEA 2024.3.5\bin;;C:\Program Files\JetBrains\IntelliJ IDEA Community Edition 2025.1\bin;;C:\Users\1\AppData\Roaming\npm;.]
16-Nov-2025 13:54:44.593 INFO [main] org.apache.coyote.AbstractProtocol.init 프로토콜 핸들러 ["http-nio-8030"]을(를) 초기화합니다.
16-Nov-2025 13:54:44.605 INFO [main] org.apache.catalina.startup.Catalina.load [380] 밀리초 내에 서버가 초기화되었습니다.
16-Nov-2025 13:54:44.653 INFO [main] org.apache.catalina.core.StandardService.startInternal 서비스 [Catalina]을(를) 시작합니다.
16-Nov-2025 13:54:44.653 INFO [main] org.apache.catalina.core.StandardEngine.startInternal 서버 엔진을 시작합니다: [Apache Tomcat/11.0.14]
16-Nov-2025 13:54:44.663 INFO [main] org.apache.catalina.startup.HostConfig.deployDescriptor 배치 descriptor [C:\Users\1\Desktop\backend\jsp_project\conf\Catalina\localhost\ROOT.xml]을(를) 배치합니다.
16-Nov-2025 13:54:44.911 INFO [main] org.apache.catalina.startup.HostConfig.deployDescriptor 배치 descriptor [C:\Users\1\Desktop\backend\jsp_project\conf\Catalina\localhost\ROOT.xml]의 배치가 [247] 밀리초 내에 완료되었습니다.
16-Nov-2025 13:54:44.915 INFO [main] org.apache.coyote.AbstractProtocol.start 프로토콜 핸들러 ["http-nio-8030"]을(를) 시작합니다.
16-Nov-2025 13:54:44.934 INFO [main] org.apache.catalina.startup.Catalina.start 서버가 [329] 밀리초 내에 시작되었습니다.
